imgPath,formulaId
1cbb05a562 3
7d0867620d 53
1fa9bb5655 87
4849c785c7 98
6ffa4086e2 103
7fb58b3ce2 119
5a8ba83188 124
1de2776366 218
1d883568bc 243
1de6b57b0c 264
3b82cc7aee 290
629c42b571 335
3bd3e38c6c 336
4c32f7004f 362
20a6d707a0 432
4e4c16ef40 434
336de40751 440
1be1fb7939 444
19d67be751 466
bdadb47ded 517
1d95e13fad 539
4f1986e78c 578
4c7fe5c962 579
7389651287 580
56077c7b8d 583
8adfa46d9e 584
76653bc864 586
26a03f5f3e 606
21af95c2df 641
6516a2853c 671
36a8d9dc06 684
7611483793 702
2457925124 705
3870f36b0a 759
1e3d03189c 768
5019c62bf3 786
7139e6b6c4 790
24d694e788 839
76d8be8e91 841
1b430de29b 845
6597c474ab 954
355d2bb1b0 978
5193b149c1 1022
17b91d8c32 1023
efa360c71f 1042
18fcea5309 1077
1434096391 1089
3e4e1d1c9c 1109
55928482f0 1141
686db389cb 1150
4539737602 1173
8f3748e911 1176
329e5a0233 1184
32a64a6e80 1229
104c5cec5a 1241
17ca3dffd5 1256
4fc0d0ec27 1317
6cbd0c7fe8 1325
11895d7783 1333
73777fd164 1344
7b418b75bb 1347
374b14a9e6 1349
3247753099 1374
735c27ea30 1378
11848dcd76 1402
4d731210fa 1406
1e29f77052 1413
4603b62866 1455
7ddf1f141a 1459
444a5a8bf4 1495
498b08edf3 1527
6ca5bd930c 1549
6d25fd8732 1553
2bef163f31 1571
b9363a17f0 1574
1d5357a2a7 1590
742ec92db0 1592
67518e69e8 1594
462c3f0c22 1595
198d8ec395 1616
5edb72cdb3 1651
690b1bea25 1667
7ba9c62830 1674
1baede0b9c 1677
5d2ac03671 1685
32719c1e51 1695
508506da5b 1704
a33078479a 1709
6ee2ea5eda 1744
7959977ed8 1833
ca98ff15e2 1865
75acf161e7 1913
4abbc48831 1946
5b8a31b5d4 1976
26bcab2e31 1988
5124ba335a 2030
13f9caf780 2043
65763a8c3e 2047
4c40558a77 2053
a28f23c7ff 2099
265c2dde09 2127
79ef8f2cf0 2132
72f7506a4b 2151
67eda7a102 2164
659021c916 2172
506a48c3c8 2208
77f2616c97 2236
11df88aca6 2251
58027f25b6 2287
48bd8c534f 2328
369fde87d4 2345
49bd2a9c59 2349
74cb47c9f0 2362
30a9c358d9 2365
1063dd7789 2366
11f97acb66 2372
19dd4c1c67 2395
2f61fef765 2396
2d93b67799 2410
1c1ef44cef 2440
47109ba6e5 2472
4c93f6cce1 2521
2b96556634 2530
147f16623c 2542
7dd7263cdf 2608
51a955ece6 2612
7536d1c0c6 2615
56447da17b 2637
ab7919f37f 2648
41c8450b1f 2684
4d473f0747 2694
5b9db68867 2727
269204d350 2767
3f6a0fa321 2770
a72b8505e8 2774
5f62b6bddc 2814
7eb7b3784c 2815
8281acb573 2863
4654ac6994 2896
126e549f93 2952
f27d4e230a 2953
2adcf9b661 2968
6f594cd7e0 2993
1468f1a876 3025
13ede1d8bf 3044
4c941e7274 3058
34179f4e86 3059
5a72c5e01f 3066
47b933ecc0 3067
60f049d4ea 3072
383e647343 3093
1750884611 3102
1317f79a1b 3115
4c96a11198 3141
1c900cd032 3178
1e0f7d241c 3210
458080a7be 3214
111e00fbff 3222
52b7337ebb 3238
50a00bfcbb 3250
570932ac53 3264
127fca8314 3316
60191c8768 3323
53fb6325bc 3325
73a919e0ea 3342
9543abec97 3407
3c87f1bddb 3408
5b7b8a5f7e 3414
3856ef2a33 3438
78ed4b0edc 3442
4ef309ba8b 3443
6067e37498 3455
43c3f7375d 3485
ffb3599a07 3516
6345d41dfe 3517
6710f884e6 3524
1577058d74 3526
645d9dfdd7 3538
6fdbb9a727 3550
4b75644e7f 3551
fd884d5bc2 3553
2e519f25ce 3588
30bafaa065 3600
4069c2bf7b 3616
6f6a7538df 3617
71e3a12e49 3633
31c603ce79 3650
58bd38bc0b 3654
7057aeab07 3656
1d92cdd87f 3660
31276b0e33 3690
2f641eade6 3710
2bd89834c7 3741
59965d9eaf 3744
7cb4253fc2 3769
5fbc6d97f4 3799
6265391caa 3802
4498fbac02 3824
9696e651d8 3829
10ed8dab90 3844
2b447fcfed 3867
5f74b68b92 3870
411a417938 3887
59d5e1d343 3902
48e02e3b2b 3905
42f78db23e 3915
17c3b352be 3919
71ececb691 3926
65dcf738b3 3941
29e84fa66f 3961
36f5f5ef1e 3962
7d13cc7b51 3964
5c226dede8 3965
423ce80d2e 3971
32a1dde295 4006
1af47f26f8 4016
4e8d80d690 4026
6fb7078f8a 4037
fb13e38290 4042
7a64ee3c2e 4048
721cf9061c 4055
71bdae1e8f 4083
70b09f91f0 4092
65c18ce6e8 4115
2f926dae65 4116
eb79df6cae 4119
7aae010985 4139
6161c10ccd 4169
1e797fbfc9 4211
4edf9f2ca4 4232
30a07699c5 4239
2cba8658f2 4250
7f0baac767 4263
364facf445 4282
2d416acba5 4326
17f9f74d21 4331
4077c58d71 4344
5db2b6dc52 4360
4b868688b1 4373
4e981af4e0 4374
39b3818e97 4375
4edbb000a0 4382
637ad1a8bb 4413
7d486872d9 4415
16f633c34a 4431
4e64d81f46 4445
112db725c0 4446
1bf0cb4d58 4486
502b520224 4491
70af3747ec 4513
392ad82eaa 4532
a7e79d36cc 4533
7549afcc55 4536
23229dad3c 4576
69200ae4e6 4611
53eefe72fa 4612
65e534b10f 4651
4082130903 4685
7e2f8ec18c 4707
26a5f7ec93 4757
12d7c2d6c5 4765
3f2fb3f34e 4796
6dbd6c4994 4847
35580cc7e8 4874
5fb039142a 4949
3bbd25451a 4950
1f95a72f2a 4955
724aae666e 4962
5d532265f5 4964
47521b7cef 4974
68c434b34d 4983
52df64a845 4992
1b4c9dc5ac 5044
4091fc21cb 5046
33a5b41d6f 5078
1ebe667e6e 5085
3e959d3ff5 5087
3f2b47cd44 5131
44799e3ec5 5166
c0ad0c54cb 5189
671659f124 5207
70c27ccdeb 5217
1d5eded06d 5222
7ab8ddb5d2 5239
6349d3ef05 5257
6bfd853c5b 5269
3308ca79d4 5287
6b9ee7faea 5288
4b52017758 5298
11520a8506 5305
4346a0fd49 5312
3b3ee32cd5 5316
777383730b 5317
c3bed4a45f 5329
1ed21973db 5360
4c420f7671 5363
246de0db24 5381
6260639f92 5387
7514f4bc92 5390
26f0d106cb 5421
53e7903476 5439
7672c7a51c 5476
6092db2c46 5504
662c58a822 5516
29f1366d4a 5528
606265a8bf 5545
108eb64908 5548
7db73dfb27 5549
55cf52de48 5586
3d14bbd284 5605
1abf7d834d 5618
6dc55710ae 5628
19e6caf982 5637
4ddf034f60 5669
4fcd31b342 5709
728a3aa848 5720
5fe84e26ac 5744
52eaed76d1 5766
1b8bd700a6 5770
6a3ac1e112 5774
107dae6356 5797
1ed882806c 5799
e27b9259b6 5806
4609185cec 5818
6b95d38531 5844
27b42015cb 5855
34bee530ee 5860
3cb9ce37fd 5899
b00dc110f4 5917
6ebfe5fada 5944
5e4a95a0af 5959
73f890a3c7 5967
7459c7858d 5969
6302556c21 5976
3f2f4acf86 5984
a612690e3b 6007
6848b7bb0d 6019
4f0e09e99a 6023
48f5d95e18 6033
20977eb890 6099
1d1cbb45c2 6116
664d0b9013 6151
27ecf9eef1 6218
6bbb1a2e61 6282
43505565c2 6289
131e4ea8d1 6328
deb8017447 6331
5bc1df093f 6350
ab309c6190 6364
7802e9054c 6381
47d8b35198 6388
7813c9d0ad 6409
42a575ebdd 6413
5122d431c0 6478
2e440cb71a 6488
7af875138a 6495
24fcb08b44 6497
62783c343d 6506
12c14de83f 6519
11232a5e40 6523
bd0ec2f711 6538
56e8d05bce 6565
5124bfc230 6589
63281037b4 6611
3190c3ffaf 6616
2747a3d0cc 6620
4433873b2f 6622
7b7d6fe4ca 6630
150fb14df1 6634
2b912ad7eb 6654
75750b60f4 6681
29bf88304a 6700
53614354e5 6703
281443c688 6706
418342f3a9 6716
317365dea9 6718
3c4720a76c 6733
68aa9d5b63 6735
7c103e849d 6741
76432b5678 6754
47d902b5e6 6755
9409ca42a7 6782
29f3a7ceed 6847
3670bea4f8 6858
61f983e579 6905
293309bc84 6929
10d7756137 6934
76ca6c3c00 6935
511bb153f8 6939
3541aaf1e4 6945
5c03803fda 6949
489bf8f989 6981
64580d11cf 7083
36b36fb765 7087
1a81be0043 7110
7a24268918 7115
adf48fce22 7172
1120f08443 7184
3126304121 7192
744bde4d3c 7203
477b0d1cbe 7210
5c248f66ee 7214
2fdf6f46bd 7222
458fd09440 7258
5b4430336c 7260
57aa454b74 7277
75696b3e94 7305
1460cfa9b9 7306
7f78fcb7e7 7312
7881ed1aa0 7345
924d93a5c4 7391
10a02c637d 7408
5836787d89 7422
616fdf92f4 7447
2812e23c8b 7457
4064850f42 7470
58d294d883 7498
3756b58463 7509
4d4185ee7a 7557
4f06611919 7562
7e31e940da 7570
70d857f341 7578
4fda75d93a 7589
5d1c976a8c 7600
656c083b1d 7605
15b64f6986 7609
7a0b7997b9 7615
3fad91c0b9 7680
4c8876f570 7690
7e0235f7fa 7729
246dcde80d 7737
94b2a53fc0 7755
514c6469ad 7760
3619b2cefd 7768
3b29e87d80 7812
3654b3820a 7823
47b7ac09e8 7835
6437e78805 7836
263a4e1e8d 7852
72ee81609b 7953
4336f5354c 7964
3dfe690497 7990
2b1f1d1d22 8005
37d16c0654 8012
7de79d1053 8016
c31da49335 8027
2139030500 8047
1a2ced7385 8058
62ce347e5b 8060
31827db558 8074
5ec775a677 8088
10f6c8e292 8092
4c3cd5a9be 8097
1b83ae36dc 8099
43370c02c8 8112
15d72d7d11 8121
2a3d1883d3 8172
583f48f2fb 8220
5a02bcac9e 8274
102c9cfa5a 8278
31a97f1e40 8307
4b30397167 8310
11e62f295a 8312
451eb5f0cf 8321
5b19d4a875 8323
3392e319a1 8325
70022da385 8329
2a82973cc8 8332
b7a69023ba 8350
11295c0b72 8377
20f962a868 8412
5a40790cea 8452
23522c69c9 8490
3bd107d4f4 8550
399d610cea 8556
2ae5f897da 8559
7c76b0bff5 8650
68b331820a 8667
4170bcb57c 8673
3a87d60526 8720
25f55c8e53 8744
2e736d0324 8772
535e6034e2 8815
15406922f5 8824
7e279c8d89 8837
79811b1ba1 8883
7261c2b605 8902
19d34d5741 8920
5ca32d930c 8922
2516826c06 8923
6662d2687a 8936
1c644fc3a9 8938
17b78c3384 8941
6a93b1211f 8964
27654284fd 9014
4cb5ff41d8 9025
d2f7f82b02 9041
5052d4e63e 9077
4934fe2705 9090
142621c0e6 9109
5223fda7a5 9115
1e34b841ff 9127
24a71b16bf 9129
4a7c51e9db 9134
388c6bbdfd 9142
2b13504d92 9145
547191514a 9180
753c468b7f 9184
3d80afac49 9192
655315fe44 9193
5f09ec6348 9227
59fed434c5 9228
1c67bae5e5 9242
3a1ff4d834 9246
1e049616d0 9255
48e97a14e5 9256
2df2484f20 9261
93365749ae 9352
3e4c6eece4 9364
ada4d53dea 9383
709d696e19 9391
37441837c3 9403
5a09c92c54 9440
b548856859 9465
3b86ec7f2b 9491
623b838422 9493
38187c8f21 9506
23d619d204 9514
9d83907229 9557
7e491fab6b 9558
1964e2f9a3 9564
7b5e83b9ab 9569
6c8a18426a 9572
30dcd3fd09 9613
720f296a94 9620
1810fae290 9650
28dab8601a 9658
74cef80365 9661
7be119d0b9 9669
20061268dc 9684
396216875c 9689
274f68c4bc 9692
2f38b6199b 9700
115b32f895 9703
2bf65b786b 9725
2f7efb5cd4 9735
51d1a771f6 9744
6b19ad9d6d 9760
504bf942b2 9822
6840902b29 9851
60bba7b2fd 9887
6a25db2984 9904
721fad64e8 9912
1536b394c9 9940
7cbab78d88 9941
8d0b812729 9957
4736d57069 9965
3f51858beb 9972
1b770a5819 9973
32e414597a 9983
4bb5a0472f 10002
9bb8c31882 10008
9b1305085f 10023
96fd00abbb 10047
7867a3d8ef 10056
80cc136bc6 10070
3589356bed 10105
22bbcd32ab 10109
317a0da9a6 10135
57294a5951 10157
4c1302a828 10164
6b96a86c74 10178
6e96ec865e 10180
257a597b09 10196
105f8756df 10206
4404656489 10224
453646b830 10250
d23dfba9ee 10307
61762b1ee3 10374
40ce41d8c4 10419
66d5e86095 10437
747de26c8a 10487
26fa157675 10489
2a943a439a 10499
24287d6940 10519
2e81653bf6 10551
72335ebd04 10565
42e4561f82 10577
258c996063 10590
4543552d34 10619
3339946afc 10656
cf37afaf93 10704
955ec38603 10713
5637bfa92b 10727
49910d6b7f 10730
3f0e66f5a4 10780
1f8213bf57 10789
1506aa8dc2 10806
29381f2d22 10835
283992e573 10870
2e06bed1ef 10903
eb382f62b8 10926
1e66587cc9 10927
5f7fd2ffb6 10951
3d4d8dc99b 11014
7fddd4103b 11016
4a0e5d3b09 11045
693b0f56ec 11049
15fd11b378 11054
5063214a8c 11057
4a4541df6d 11080
40e22d8df9 11090
665e1b0281 11170
3615c6910e 11193
6cea81a809 11195
9925e76ce3 11242
45de9b4aec 11276
670f03fa23 11287
4efa98189c 11299
285b8c7f96 11302
2915c09303 11332
560cd83403 11369
19091375d2 11403
40d99590b7 11410
4c675acffc 11420
15002f8a43 11434
1c1339872b 11439
7d581e2763 11452
b3832226e0 11470
4d59ccda2f 11519
7a0790171b 11528
6e1f40b10b 11540
18d16c4b89 11543
22bd7b2174 11588
7527dbf29e 11609
68e3f6999f 11612
240436d335 11631
99975985d2 11638
24c85494f6 11640
38e03175e8 11657
4d14abec49 11687
ba3f965681 11699
e9af6404df 11715
900abd6607 11724
57d1b07a6b 11751
795e3671e2 11753
6a6b3403f4 11758
72d0b351ec 11772
af3eb0ea99 11775
7e872dddee 11784
363240f5a0 11794
3ea16a74aa 11809
694b1adea2 11829
2c2d8a6069 11845
5a29983ea7 11858
712a672dfc 11875
ace7eea506 11907
61477e279e 11920
3a7abbf787 11922
66aead84cc 11936
3800a6da16 11960
5459529995 11962
3c002e9ae5 11981
662731e1da 11992
10d18f9d7c 11996
3cf24c6134 12025
142af69a43 12062
7e682c655b 12066
7f8a72825d 12095
530e7edd1b 12106
181be2e4f3 12125
3ee610176b 12134
7be0462fc6 12161
1a5786171a 12171
5a0d2f219d 12201
709b74b04f 12234
792d511d9f 12245
7cdc5f9c52 12251
18288a1560 12347
20fa0d4236 12368
5608239509 12370
334ca95512 12378
1d675e2617 12464
2dcc518c08 12486
3d936cab21 12498
4c4f746f10 12510
5ee3cd75ef 12580
5944db526f 12588
60d1e56f17 12597
7b52c7e820 12616
53a9fbb260 12631
7237453d49 12647
a26be34e84 12661
32ec420ce7 12667
3ec5fa3469 12674
47800feec2 12687
2620d80d21 12688
4940b480ab 12699
131b36e574 12713
50f021aea1 12720
4511558b94 12735
6a5e98f0f8 12737
8847b2353c 12748
1e07f034e0 12755
234b516766 12788
1a899ecf3e 12808
7e062328c4 12826
9fc1003bea 12873
3bd1e3975c 12897
22c8198c5e 12904
4cb260d0f1 12907
379dee7b6f 12913
752cde18a7 12938
610ee130f8 12965
17dcc920f2 12971
3d6f5d4baf 12987
399a94e5fa 13016
7f0430c5f9 13029
515907bc1a 13058
560c9dca0b 13062
2701b292d0 13066
387d4113ae 13106
243b4c32bc 13139
5d1422858e 13206
1e194c06f6 13227
5a6f8ae4f3 13265
36aa275163 13277
1983fb4951 13286
7dbfc5669a 13289
72a6bf6b99 13293
e629b716d0 13298
2828b940f0 13304
208e55e6dc 13313
15a9a46a05 13318
2a86e1b75a 13344
62157e7e16 13359
751bb3e15d 13366
628d2184d6 13368
1e22b4f11d 13438
57d06af079 13442
72360e8a72 13473
e866470bc8 13502
1815c89a6d 13506
55f0446ccf 13521
784fbbd3e2 13566
7a8454c828 13568
42394d8119 13570
6f78c344f2 13610
67207d7ea1 13697
44d44879cd 13711
1cb57aa731 13720
7acf8c0797 13725
109676385d 13726
42e35d856f 13744
5003df0380 13760
2fba29ae52 13761
7f0815ab10 13763
1d58350cb6 13765
3844a370cf 13767
394ff6caf3 13777
260c655ffe 13783
5d87f56a9f 13819
1cf9050171 13838
31e269585f 13866
4a8e217b4c 13888
412f997662 13899
b5192466d8 13924
5508542920 13940
693bb55630 13943
7df0583e46 13944
3ed8f8fe3e 14000
7dc22296d4 14001
9ff5c7d5be 14017
3c7751f0c8 14048
3db91990c1 14066
185a4dc21f 14072
7ff93d2157 14088
56dddc1793 14090
2a7f8d07c9 14125
517301eab5 14149
17f38133c3 14225
24f1dc6676 14229
55467a929a 14237
2a97c44553 14247
2d1efb12d8 14268
6bb78fb0cf 14276
54636b04e5 14286
4c6470e96f 14322
50a9e4ebd2 14323
8bcaf9bf50 14342
591fe7b93e 14461
6744fcec4c 14474
3fc016ea17 14478
204b0782ff 14499
6a8d7680d8 14502
34b6cdcb77 14550
15d64c4ef2 14585
87605538a5 14598
6d46069e21 14613
6d69e7bcb7 14626
6760a6e902 14679
2da0b3cd12 14682
7f2a130aba 14686
7d3938e15b 14687
65f8e78a43 14696
4e2c517251 14702
4a6915e601 14710
76a24c7c14 14715
12773c3221 14755
14045a89f9 14765
5e43634bde 14808
13c3a69f86 14908
1a9e65169c 14926
107b4b9921 14927
6cc9d14422 14932
465db27040 14933
6226723a9c 14942
3ab98b98d3 14943
1a540e4d14 14956
2a27dccea2 15028
5ed7b36d97 15052
6a3c607bc8 15073
4994dffb0e 15080
40c09e20a7 15114
2f901527d9 15139
7a8f06cfb1 15153
3ac47b1d96 15178
4b151cb96a 15261
29a6569ddd 15267
31bafdf6b8 15307
4880209d2c 15315
1e8f272b56 15349
79ccbc6943 15358
3a7c9ea272 15370
6acc228b50 15396
404911a0fb 15412
57bdd4abad 15442
6b08870b73 15494
569b593010 15527
741c869568 15545
630efcadaa 15638
bd9677b331 15657
7b165843ef 15696
3333738731 15701
161dcd9e7e 15741
5818113e12 15762
7f6b452cb6 15764
5606285c67 15782
24c712fc77 15794
803e9696c3 15811
52b41bff65 15864
190a00be2f 15882
254d14c463 15963
225c525e74 15979
371eaa5265 16004
397d3688b0 16017
1ac865606c 16034
77259238fa 16038
6490efb10f 16042
28ee446aab 16044
337721ee68 16052
704f9f24fc 16064
3d6f5d968f 16066
56448eb033 16094
1264ef563e 16099
6dc345cb77 16135
833f60cedb 16136
5395d2b6c5 16157
471e68154f 16215
43e036aa7a 16217
68d3b7cd47 16275
605c24eaf4 16289
5eab681f28 16304
894ef0cd12 16307
4fbdd9802c 16318
49261f6dec 16327
24d0bc90e9 16337
4b2fa2623d 16352
d5d5022639 16370
36e9ba5ff3 16383
2af162e679 16400
70d71e283a 16430
620b9079de 16447
3aad8fbc91 16453
3e8eb0baa0 16457
3d67f7fa2f 16465
634c8cfc1e 16491
4135d7b0ba 16501
4da211648b 16507
5dc56af1dc 16515
d219ea8ffb 16610
3c055a7b32 16619
2afe05214d 16621
2f45f388b0 16623
4e7b01bcf0 16625
4ba4763a3c 16629
4e0b2d68de 16641
2d402da897 16648
8a21ae326c 16716
16e26fb823 16748
475094bbc6 16770
5fc72a3fbf 16804
6f2d6fe9f6 16814
c6481b57dd 16817
79eae4903f 16852
14ca90932a 16858
6489d23dd3 16920
5d7078160a 16942
1d96670887 16947
225a9d5244 16978
29ebaa21d2 17020
59ecaa3f94 17042
4e28a98fbe 17049
b0a49993f2 17067
107d4f9cdb 17072
3b841f4330 17105
3872d6c21a 17114
289e4093fd 17175
3fbda00212 17190
358c403157 17222
26b39ea7f5 17251
4e1e2cfe22 17339
64dc67a53b 17341
7d6bb2e269 17348
621f2088ac 17354
130b7ed5e9 17355
22051e1903 17364
1864b6cfe0 17376
22432a04cb 17497
3e4eabd847 17523
64d5fd2a93 17555
1dfe08353e 17561
179f0e6946 17566
3b7605adcf 17576
6f5b5962b7 17590
30a2ebc6bd 17623
2f51d5d4c6 17635
43c74eda18 17640
16ba148d88 17749
1cb14a5631 17772
532ee8cfc5 17786
3ca944428a 17803
71c081f238 17820
178ffe1491 17850
33b98799ca 17863
16fbb75679 17878
4bd8887acd 17880
47647f4cbd 17882
7e9cb47769 17890
6134d8f8f9 17908
d38aa7a79f 17923
65824a0979 17947
77316b6b31 17955
4c31b2f062 17977
2682f4c396 17987
29bd716396 18053
43e004d787 18055
2ac84ed945 18080
6b7bf7bc64 18089
372f4c6092 18119
2654ed1c50 18129
526468359a 18136
4e6c5ada38 18145
e6e9f9b642 18151
4a6c37db60 18165
3214f97065 18181
5dad80f2cf 18190
3e563438f5 18202
4a66f41714 18239
39e676eecb 18285
59f650e0dc 18287
2f0c3be120 18295
12e0ab26ff 18348
6f4a0576ae 18366
7e35c7a78b 18370
4c36453d97 18384
14a242e552 18409
1969d8dd66 18422
4d518d9fdd 18453
765466072d 18467
184a9d78ec 18478
36d875f984 18479
ea4da062ff 18506
ba93225b47 18513
395a05835c 18514
603a01acf2 18539
2a4fd4fd35 18584
64f10794a7 18590
2b2554285e 18616
1c4065599b 18644
5ea89ee5fa 18664
1c69ed38b9 18665
5beb3b9962 18669
6e4825005a 18724
680b9c233c 18760
97cdce91a3 18774
266cc31c8f 18776
27c8acc514 18787
2fce8de6f7 18820
8a242c394f 18821
3848e82f72 18823
22cc15cae0 18826
3f77b47dcd 18852
2303490a06 18859
d86580be16 18866
566d9287d6 18925
2bf9970a69 18984
20812d78b0 18987
59b11ce27f 18990
74c09ab821 18994
63c69dbd6c 19003
74be5b64ff 19036
11f52501b1 19043
57d779b868 19058
27cddbb80a 19095
77d3c1b9b2 19110
235dcc2529 19137
4dc6197baa 19150
7ff6c9c4fa 19160
6332fdeaeb 19196
7398061ac7 19203
4706aa1f6c 19223
202b70127a 19245
5464213132 19261
7818c88d9e 19269
4cecc0faa1 19288
43c435486e 19356
7654b17fcb 19373
1f7a1c6b6f 19377
3ab7037ae8 19390
1ec61fe9cc 19406
4ac4b27662 19467
6bf9fe9760 19496
9c24868e3c 19500
57061934ba 19515
2b691bb101 19523
305c440885 19531
39a7e8ffbc 19539
1f5934632d 19543
7397f12cf5 19551
6953f4b422 19575
69cdab413b 19638
611f8f9a85 19659
7708ef2743 19663
71c47d21c8 19730
21e94d381b 19738
5e3a9fce2e 19745
4c7cccb1c4 19755
666ad99ad8 19779
2e7a15c88b 19787
93bdacf610 19805
190eb6224d 19812
40fff2cfe8 19815
3176f49d3e 19886
21720a4adc 19899
45fa3cf08b 19905
36723d3eb0 19953
2acf5fbc4d 19984
4e7e06cb9b 19989
1135660a86 19996
3b9c90def0 20008
29fe8ac67d 20032
6611a1d2c6 20060
eb7c67d7ee 20063
775023c012 20069
1c165cdb88 20097
10a5e544a4 20162
3f7b452c75 20167
6eab4d36cd 20172
42abff6655 20200
24e999ddbb 20250
c8e9c6c3b4 20268
678834dd99 20271
7f5ec201b6 20298
982a3158be 20323
705f5bd67c 20335
6c6dbfaaf3 20344
1ce49519a9 20351
71536c0f6c 20369
7a9d2157b9 20395
1a1a567b82 20494
44b3a3a551 20496
1f87cc59a1 20514
4e005f2226 20516
2a791f8099 20531
215d63870c 20535
4923363e8f 20546
88ad3d02b8 20562
2d8ab21a4f 20635
474de25fcc 20672
506455a313 20697
7a6324e979 20717
43041b69a0 20733
6ade0e7083 20747
5cc033794f 20754
33ef39b929 20757
10fc95654f 20802
6c0b55ca1e 20837
50584ec177 20862
3387173aff 20914
4e18145fcc 20930
791ef334a9 20983
34f8147923 21007
2063f8e126 21018
3eec9eb362 21020
5a23d2949c 21033
3818fa3076 21035
4dd7898ad3 21043
797667ecb6 21064
3bc77d2f72 21072
20523cbcac 21096
5e5d59790d 21117
38ba517100 21134
5dafe52760 21196
3dd29d8144 21215
4ea632dfa2 21220
6144b40871 21228
2476b99dec 21266
1cbee74234 21289
7fc3af5b45 21293
5c12618982 21316
663176df05 21369
3e16f223a5 21370
4cdcfcfdf5 21390
36062d4eb7 21462
549400e2f2 21470
7f053d9723 21493
7cd3243965 21497
63bed414fb 21516
1dd45ee193 21549
474ab5259b 21621
a5d6827b56 21653
5c05eedff6 21684
683378d711 21688
5d47b4723c 21696
13974e722d 21713
804007e188 21726
130b730ed5 21743
7c6fc7de19 21773
4815736f11 21778
2277318cc4 21787
3cf5b4efba 21812
31f05f431d 21822
46e15b8722 21830
1ab673f2f8 21835
2f5d5d5c34 21979
223f9589b3 22034
139229b744 22040
b6001fc066 22048
19598bad96 22074
20e1dc9819 22097
1812809e62 22118
3115f7787a 22141
2fb8ac2f7e 22155
6f98c1530f 22182
4556286f56 22188
2d9133872e 22241
3ce620e745 22270
74c3d91dad 22276
26233bb9f2 22311
65955d2c5a 22321
32db2b1b7e 22332
3a76968a99 22368
34249e9cd5 22370
5d2e01a00d 22393
3d815e34c9 22427
64e96fea0e 22430
384a46dc48 22456
27c16fb0e4 22479
4fc3ce398e 22485
7eb36f7372 22511
58975dbf3a 22528
11b57f6cac 22538
249b6041d0 22595
32155cc79d 22605
3fa23b26ee 22616
7a8ea7f2a4 22627
64c305234a 22655
1749b97c38 22686
34865fb1fd 22692
2a7458e8d8 22709
3bf02412de 22728
38f9b6db1f 22731
7307d3e51d 22732
771dd73291 22740
6c6b39224d 22750
12cd06c9ae 22789
1d8984df61 22793
2df398bc6f 22801
3416550482 22812
ee55c2012a 22821
4615456be0 22827
273ab9c71c 22853
519dabf7b7 22879
1c6395ac34 22880
1495a06245 22883
4624920c4b 22888
7d7d24edbc 22895
48e6473443 22900
28f4fc58ac 22906
3c5d56aeaa 22911
5a7daaa90d 22913
78c6dd3563 22916
1d501f1545 22942
4d755ebdc8 22952
6f6fbc0779 22963
2fb861351e 22971
7971db3d8b 22972
47677d465a 22979
2fb2cb887c 23011
213d212037 23017
246625af67 23018
579b8f804c 23031
5325027c75 23068
710682a542 23069
33be547b28 23094
2672b44512 23099
3fa0a0dcb2 23111
21fe692a3f 23113
7cea7f763e 23122
436f9be3e0 23134
2f98bf4ff5 23136
2ebfc564db 23147
379fea64fe 23196
3c05985550 23197
41f5dd93a0 23231
4a3f3e0085 23242
a36bcd3db4 23244
4058d91ab3 23249
357174b08c 23254
28e8ab3f52 23258
1469d64e74 23301
38e38d81ac 23379
458ff5f6a0 23445
231e7c1314 23457
7663b55faa 23468
56706215e7 23491
2c94dd9f44 23492
2c2d75b392 23507
f0485b625c 23512
72d85ce856 23539
3e3ade2bb5 23541
17eb12943f 23543
65a686730f 23622
317457d314 23623
1985911ec4 23625
2ba89da946 23631
7762223bb5 23653
34b3011077 23655
42e74652a1 23659
2f4ce75746 23669
557385e077 23740
3c1c485687 23742
265444bb69 23762
4599160874 23772
4a54881e8f 23787
1dd6ce3ae1 23788
1a40952ad3 23811
7fd3b12511 23816
387d92f77e 23821
5bbd6a3541 23822
6ac71866c9 23849
413e1d4b22 23872
4075ee9615 23886
51453aa333 23895
79f652a76a 23903
2eed51d1d1 23933
2e968fb232 23935
69157f7a9b 23966
150cd82a9e 23980
7f383bcde5 23982
22ea2e7483 24016
797b31a35a 24065
73ef363523 24070
19c88ac00b 24082
4db6e3c8b4 24099
63c17703b9 24104
54a9b5652b 24108
1715446500 24123
6bf6b5014a 24124
785fa4d46a 24128
538bf3cec6 24137
412cfe1d06 24158
cac719df21 24163
7d0060b63c 24165
39c6f66c79 24177
106a7c2ece 24186
58aa4bcbb1 24189
19481f4cf5 24195
6e8a58d46e 24251
2a6efc37cf 24261
4796adcad4 24284
287811c8d1 24289
51a9ca1eb3 24295
2b63b1dfd8 24296
7ea3bc6073 24335
4e4f0cfed0 24338
3f6c068ff8 24369
58d132691c 24387
4e6fa0cd99 24417
408f565afb 24421
6905c7123d 24422
f4b6de0e08 24450
27b4f5297d 24472
559959aa6c 24479
187e9b7967 24503
7a001fa189 24511
29002d49ac 24539
79decab446 24548
a68bdaaa6a 24552
7d223f1184 24588
7255aaac2e 24596
5bb7c92058 24631
1db97facbb 24640
22c22ec85a 24645
6785fadce5 24648
3363dbc98a 24657
62bbb48e40 24664
4db8b48e55 24705
de1eced60f 24706
672168a117 24742
64cd4af66e 24764
68c5556775 24798
656c132516 24808
3a6ac88c34 24838
752796a9cc 24849
b5e5708575 24856
122119532c 24857
5870aa9f13 24861
7b8152a1a4 24878
112c1b58d1 24922
aa4e658c82 24935
5e74e92a73 24989
38e65b7971 25010
1fa6145c64 25011
61e6671f62 25035
48e2f625ce 25037
4f59df3077 25043
462f832e16 25062
42149013e1 25081
def9ea9796 25090
47c5dc9c29 25105
1a538cb469 25141
3a89b2481c 25142
1daf9f8216 25209
6f6c37817c 25212
5cefa03256 25215
16f640447d 25225
27ebdd7ff7 25229
381d5ca38c 25231
2ea86640e3 25308
452760f115 25314
594bed5f16 25336
604c2fc41d 25346
4545fc557d 25350
28483f8dbb 25414
7e96cd443f 25425
2ac6007a00 25475
10f7b2a41e 25479
2bc19ac955 25499
4b609f15b2 25502
16a8e2f942 25523
299989402c 25528
6f2a04e700 25551
4ec34f3dcd 25564
69af9bd50a 25622
4a383dc334 25627
65690e1ddb 25641
291ed20305 25667
570aec4089 25670
2e6d165274 25676
77f5efacea 25710
22c56bc454 25728
47e726aa2c 25761
3a51751bd5 25780
48ee3b8424 25790
55cac21769 25792
62d5c74ddf 25822
1ce975b730 25823
5baaa60ea8 25831
10073c06a3 25841
297a56addb 25903
5b277a0f0b 25904
6532f1db3a 25941
534c807be0 25943
7353bfa87b 26043
269eddcc49 26073
3e5373d931 26098
413a152a6e 26152
230152eea3 26154
7f9cf079f5 26155
3002cd5a25 26194
97363075e1 26213
1e8520362c 26260
20549413f3 26267
3afdc8f64b 26298
420ae5ccde 26311
1a4962d224 26319
6dd4a82b83 26333
2738522335 26345
7c75ea70d0 26362
542678193e 26435
7874f38254 26439
6d46d9812b 26443
1dabf86e5c 26447
6ff9906eda 26458
30f3fb17f1 26521
6c5dd5e388 26530
7c88a93d5f 26547
7b80762b16 26562
5a55b97594 26575
2452844401 26584
33f1d7558e 26634
896ad2faef 26640
4d35314d03 26677
566077fb34 26683
162f3d0f9b 26706
559a6dcc96 26724
462a59f3b7 26787
7098cfc188 26788
6a8408ee64 26797
30b65131d1 26816
7c142789f6 26861
5e78745624 26873
158962c790 26930
846dbf758b 26941
1d2d050d04 26959
20208e40de 26975
4dd74fa120 26985
583c272dea 27050
25e60785e6 27055
10d28b0446 27088
64c5814325 27105
31d4d3957a 27119
40e2a175de 27121
111de8f573 27199
5cce1fd5f3 27206
2eec0a7606 27226
99b2f375a1 27244
157803c108 27268
581f3b6dae 27279
62d454b6c2 27281
3d47b9aea5 27284
79b1bb1376 27313
468a6edc0d 27339
6ca50f3c62 27355
27057e7533 27393
68cd32bd0d 27412
6642db6828 27414
11cdb3ab3f 27415
58523dfa3d 27461
60cff9a871 27470
3ae3da1ad7 27486
624c742e76 27532
7ae7f58bae 27536
577a4f0967 27566
7285c6f7e0 27583
4295a0903b 27611
5ccc5cd2d1 27630
636e01df52 27708
12992d3f37 27812
4d93e8b6c7 27818
6f9cc5f4b6 27824
421f0ca63f 27828
2c79b7caf3 27829
542baba04e 27834
67fb16fb89 27858
6a4f3fb68a 27863
6c2ef3dcdf 27873
63a1751744 27883
1ef6bb7b86 27946
6efb6df7dc 27978
41987db19e 27992
29a91cd67e 28027
29355ec707 28058
273a1bdc50 28063
47b5e50e7a 28065
688f8aa31c 28068
53ec01b6c8 28070
720f1c1a0f 28075
25d09438a9 28082
4563b6f0a7 28085
5179a6c55d 28096
4cb195b3f1 28098
391002f19e 28114
568624c4f9 28118
8640f5cb76 28161
7c381a2e83 28168
65ab488341 28174
5809646f9b 28175
55aa89a715 28189
ebec815786 28213
579b77b2c0 28252
1bcbd54a8d 28253
606e246537 28262
3f9ec89097 28265
209c2f1628 28311
6eba908a07 28320
5517c09a97 28331
5f2fb9b101 28341
701b47d745 28344
18c877edc4 28349
75c516574c 28376
112248330c 28391
49abb50962 28395
258786c8ce 28430
4d6e1ea3cd 28436
5154de57ba 28442
1ba85d4c0c 28458
7686f9d4ee 28470
202c55ca8e 28500
6f1df07910 28506
29a38570ae 28512
62f7247a93 28525
6c2bf49bf8 28531
6c892702a2 28583
5bfb402bc5 28603
191b656065 28636
6103a27b71 28645
6b88efaf01 28647
37add3e5e6 28657
5397496234 28669
67074a1075 28672
5517c8259b 28673
31bf01177d 28687
58e67f4601 28730
4436d7654d 28740
31694bae8c 28749
522b46bf21 28770
2dc38ee0da 28791
350180bfc9 28793
b4368e2cdb 28795
788654e457 28796
2a238f5675 28818
77fbefaf6f 28820
34f0279bcb 28833
70d62e3f83 28835
21042231e1 28842
6a023414ab 28870
5ddac05495 28905
7c00feb406 28912
b12335bc1a 28933
4d21f11fb1 28970
435d8762ad 28975
12d97bee7c 28991
3f78f9d738 29003
21fef60278 29044
47a6d15677 29054
ed46b9f277 29058
7aaa2ea946 29063
424cafffe8 29080
f7fba212ab 29119
234a7eb27e 29134
70f10ef61f 29148
5d8a63945b 29159
599d78c0ba 29169
3259e4fe67 29193
73cc1053c9 29219
724b9966bb 29222
42cee27abd 29235
c00cfac641 29249
3139495e41 29250
2d2ff817c7 29256
4f457031dc 29273
40a042bbfa 29349
29974da7c5 29365
64e90b25f9 29386
7e8b081355 29398
1ef0c39671 29420
21ac1b9822 29425
4358017498 29434
7e93b58199 29436
367f908aa2 29457
461e174308 29492
2b8a2cc2a4 29513
33b5b4e6c0 29529
3ff9594662 29535
166feda934 29582
1263153b20 29697
b91bdd6370 29699
3df2971d09 29718
78ac1a9298 29734
6ac85333c9 29749
9e942fcaf6 29759
45f0788713 29793
37513a4285 29815
5e64a4ebf2 29825
fb67ca350f 29831
79e8b3e0dd 29859
41c562e735 29869
43d4951e96 29876
70988cef27 29882
4d7801b22a 29895
1c31bb1f91 29910
23e36a4c43 29944
3d39ef3087 29974
e07a20434c 29982
29cf7fa9f5 29996
1dedeb0f4b 30029
109a436997 30051
37d981c227 30059
740d3fac1c 30094
530cb0b861 30096
5b99cf27c0 30135
32d16e7c6a 30146
781943a76f 30173
278201f4e4 30180
34033027aa 30211
261ffecdae 30225
f06017605e 30246
1602c9ddc2 30261
7bafb5e3c2 30269
7d6b7e5161 30286
4eac30b1f2 30299
114a23a991 30395
38a81b196f 30398
624c2d9971 30415
476f75991b 30429
47eb65f7c1 30450
30e23161f1 30456
393705affb 30463
78884c9967 30491
3f160b4867 30534
3f70787b7e 30563
2bc5307a09 30614
adcfce30c2 30618
386a4c0dac 30625
7c64733b54 30635
6dc9aa06a1 30645
5f12344949 30647
2fab96c32e 30688
6330bf33f2 30703
3503d65b1b 30722
77f6b8f609 30741
67d614c02d 30745
2565b19325 30755
770a7f44ca 30764
73d9b2940e 30770
472e1835a6 30793
609535df29 30797
25fdd9698b 30825
4131a87e8b 30849
52bc3681ef 30867
6b3536061a 30872
1160627054 30889
588dbaf3f8 30901
7521d76187 30915
215aff3d26 30928
29138542ac 30954
199dd670f4 30955
40ed4e2d7b 30973
5992267154 30979
566c92d0e8 30990
90bf362b55 31000
7d087ed312 31024
266d9c6a18 31043
51741ae4a0 31055
57edfd1dc6 31070
314f444ee7 31092
79c76d7943 31138
18c9a5bb49 31178
7f649e7504 31230
f985d0d661 31239
515899f92a 31244
7e0a1a451b 31296
40b81900b4 31365
68c189c9f3 31374
521745508c 31423
efb801a737 31434
218e0d0225 31444
38beb8a920 31458
675c8d22d9 31486
5a9abfdc5f 31487
69d8053d8f 31495
32b56a2996 31497
35ec51794b 31507
c38cf89847 31532
a025b94af0 31538
7cf2ca3f18 31586
1aff1bf6ce 31606
4b658b595d 31614
7ad70cf3eb 31633
1413b36f8f 31643
2b3c01a3cb 31672
41dfbd0906 31726
27c0ebb12b 31728
4fcf132f09 31732
7ad0013055 31734
69becf6b77 31754
569c0058d8 31762
511f4e96e8 31766
8f344cbc64 31795
6e9f420ff1 31801
5d5f1d8d0a 31842
7bdbf5539b 31846
1eb860efe7 31849
6218709c31 31895
29cb4fc89e 31926
7869127a92 31933
6b61b03d7d 31945
495f28319f 31956
3a2e5b7ace 31971
2eb9d7e374 31988
56ec743e1e 32033
661ddef5fc 32049
52075f52a6 32051
2bf2d7fd0a 32069
7c3ee87b3d 32084
451469a9d2 32126
6a64029056 32131
715262d70c 32146
7c82da5ae5 32159
6437a0644c 32160
4862404a53 32168
3f797665d2 32238
58e5f6fa54 32283
e5e121ecac 32363
1e12c28394 32409
15d745b420 32443
20b99397ae 32453
37cbf58014 32474
209869eb5d 32494
411a81dbba 32499
7f228d8717 32534
4df37f61a7 32588
8d2a912c65 32607
2dbf7f4fde 32624
6404e3e04b 32642
29ee2861f7 32652
5a82b0dba5 32661
36f511431f 32666
71f453b219 32670
281511fe4e 32677
4e7c2899d6 32695
76fa4659b3 32712
57c58fb2e3 32713
150d369422 32767
4a9f7d5f1c 32790
2e5ac90a95 32804
7f870cc500 32808
44f52dc660 32826
dbb0a75493 32830
1dba19a2b9 32840
7120791a8a 32869
b30ebe110c 32872
14acbdd059 32898
7b8d29b905 32926
6806362241 32951
2c1f6bb283 32957
731f522fe5 33011
114414797f 33023
e5cbca958f 33062
1e7ba017c2 33120
a654f2c4da 33124
38e18eb179 33131
d0929e8b35 33168
28c8b86f79 33186
3ca00ba444 33210
18a0b011ab 33266
3f7828686f 33290
1555601f80 33317
59265fe7dc 33323
25e0e2c410 33348
3d00c2a690 33355
4c94bdd529 33369
28c1dd5596 33387
5725780184 33401
74dc1f6b28 33408
4502cbece3 33472
42e2067689 33482
718982537c 33484
14c51b90ad 33502
7ec3416ddb 33509
4faff060f4 33523
1ca4760feb 33548
3ffaffdcba 33553
1bec146c7b 33557
6e7df3f81b 33582
442d9e2ad7 33601
65fd772e13 33616
500e111a87 33621
6313a0f4bd 33624
6761702352 33637
110206d81c 33642
10570b390d 33672
77f2228afc 33709
3ea351643c 33711
e767e3beff 33714
24b83d7eb4 33757
7224280b45 33759
4f21f1ea4c 33778
1eda1de691 33819
653fa6e02a 33830
535a4e4140 33840
4c779b4c15 33843
159270df0c 33846
10ba7209c2 33847
6f715c0580 33873
6b74215b56 33900
7708af8719 33913
1ad973f6be 34008
6aaae94d83 34018
44d77e92e0 34028
457d3931df 34046
3c2236cc4a 34049
3841074a82 34050
70c45126b4 34099
67fd79e7b8 34152
17b790bf1c 34158
ef7e96008c 34183
3e3b1cda91 34186
f32adbef73 34238
5fa271ce47 34244
3876b7f2fe 34259
42e22577b4 34271
3ff8638b63 34337
56844f8970 34353
3672e2a787 34355
1cfe20fb39 34367
254c2b6678 34369
18790a0680 34413
545b747272 34415
6f5ec6dd28 34417
6ca2ab172d 34418
6fd0ab6c37 34419
35151607e7 34438
18b66bbe44 34447
5d4c33e7bb 34461
1219519409 34469
6ad7500d74 34487
5cf4dfb8f8 34495
1a85bb65eb 34510
74b71081ff 34512
3a300ab5e0 34565
5d7e82f160 34585
602376bfc8 34625
6411e41334 34684
47322412e3 34692
3a33865aa5 34706
5661a634da 34712
79f959df0c 34774
33aaf8ece5 34786
78a96bc47b 34792
6687773d9f 34822
592ef495a6 34825
5de34ba8cd 34835
66a710b9c7 34845
5529e6dbef 34860
c56741897c 34870
3d9ddb0bca 34879
4f46b3f205 34897
15929908f0 34903
6c93cb3d4c 34905
7790962977 34948
788590b12f 34956
21be9b0910 34966
365b065864 34984
30cbefd128 35001
71519a01b8 35009
496b843c2c 35024
5d88b82cb6 35026
48d7107ab0 35032
7cc483d9fb 35046
38795cfcdf 35065
59a1a82e63 35116
2475e11af7 35121
68f04a7f52 35122
2b02c85fe0 35123
351fd1f472 35148
690d32cd12 35151
4cfa4ade8b 35172
95c83ca8c1 35214
14a099f8fe 35216
14515a0037 35241
2123f985cc 35242
69a7434573 35251
51b9682de3 35281
6c05504450 35293
4152b0d5ad 35309
6b959d082c 35312
151a3927fd 35325
126123d818 35396
39cbf739f6 35399
64a80ca666 35416
3757eb2b62 35464
1769cb9517 35502
428aa45376 35512
12d6230d49 35536
674ab9bf05 35551
859b7cca01 35571
11978968fe 35575
3957cf95bf 35583
474b72cbe5 35590
4924409694 35599
6aba12ddf9 35601
16042fe9bf 35625
64e039d505 35626
15e879c6aa 35629
6bfd29b089 35631
19bc6e9277 35654
68a1073791 35668
878f773d88 35727
54af7af036 35731
5f42adaa38 35735
391ae74f0e 35751
1119c1a427 35768
206fa79b58 35778
1a3ddfc458 35809
27c1c8062a 35814
319b8479ac 35836
11eb1b4a35 35857
49ec3c8656 35878
564c1ed9f7 35882
25f02e109c 35922
6877b70437 35982
5d33cbe202 35989
7ead169484 36007
6fdb7ce652 36059
a41e157ccc 36092
34fbc1e460 36104
4475b822a2 36125
11c97e481b 36127
15d8a087ff 36205
57c3607669 36234
92a04e5afa 36259
4b76cd4275 36263
c533cc977b 36264
45881f8841 36291
38e7233759 36303
4db817acae 36307
61a8dd187f 36329
124a9d56c3 36368
74557eb32b 36418
1b671bd7c9 36423
4712fb7fdf 36440
20481cfc15 36491
7d0895a10e 36500
2bd21e2d4d 36544
416165cafd 36601
20f3b5283e 36609
30659f5dce 36695
2177bd0055 36715
459313b345 36723
ecbe414b27 36790
603dd038bc 36818
401709b184 36824
46e84fe90c 36848
46de317e8c 36867
34ba2980d6 36873
359dd90219 36877
6480e7ae09 36905
5d9fb38926 36922
32fae1a38e 36939
48833066a8 36941
2d70c48423 36957
37fc99dd65 36961
64c913bfc5 36994
85b9d8aff1 36997
646d7e4abd 36998
468de1bc01 37003
7bc27c575c 37044
7e9f96ab3d 37060
498bfd82f8 37067
213298ab3e 37069
3ecb4819a4 37082
601996e047 37094
39d0c3274a 37096
31a3c39a62 37113
5dc453dcfa 37126
21cc77ab20 37132
5d1cbeec9a 37150
66bb34dd75 37154
3baed5bf3e 37168
4ee4ef838b 37194
e111c6dfe3 37196
5801c27e81 37229
56fabfd613 37266
af64d6d293 37285
22be51c407 37294
30c3540a0e 37333
3d54988d1d 37353
2f552a38f6 37408
12dc0471f2 37423
58fa4f327f 37468
3ac677247e 37495
2f5c559230 37511
3a79bd070d 37536
77fb611c9a 37537
76d17b57b0 37538
e95ce9d56e 37558
72c7cfbb8f 37575
7c6366c180 37601
185550b778 37618
9a4f47c76c 37629
11bbdd773c 37648
24b815f029 37659
28d34888d2 37729
111ac8441b 37738
4aed7a221c 37763
b1ea3f2122 37781
2f0e2ef4da 37785
445dbd4b7d 37819
f1320b827b 37846
2b1af30520 37857
4130434891 37872
6e4000ba34 37874
28b1b51b21 37884
122f60789b 37894
109487a518 37899
30937e9205 37927
72c870478b 37974
2ba269c6f1 37975
325814ce77 37978
3652dc9366 37995
1c82a26c5b 38015
10c41cdaa9 38063
493dbd779a 38093
6196a80c97 38129
4276037488 38132
5f5183e464 38140
7b971308d4 38141
167660d705 38153
5b8d5eb768 38223
1619ff38c8 38247
143bc09649 38272
4bca99cc1e 38305
558931e6b3 38313
478e4f2098 38330
2e034f069a 38346
4b6b3f3fa4 38349
d3db47ab9b 38360
7989650149 38392
5d5500b6d9 38405
1c9d5f30b1 38406
29fddd8f57 38411
46282791b9 38413
351ddcb254 38421
47340f72f4 38460
68f1bfe090 38463
178c4ea622 38469
7562e5a81f 38498
3493950c59 38511
50ce1fb15f 38520
6c40fef36f 38535
44397cf100 38578
2b49d4476c 38604
6012a579a9 38623
57c0486c87 38625
35d8941fac 38628
346160f0fa 38639
688a456325 38682
21bf7ab04e 38702
a7850fd441 38732
702a5786dc 38752
406467c315 38753
4ff6a346ff 38769
1e7cc3cdcf 38777
456223735c 38810
626333b96c 38812
2db9275139 38815
c19e573906 38831
42c26c3ecd 38856
490c100ec1 38875
6f403cfed1 38917
57a07d3ccf 38948
2567978c58 38960
239e82d8f4 38969
6e9eb51d27 39014
5bf25b39e5 39018
5eaa6ab2db 39079
3ed8aeda84 39089
4ea326c5f2 39103
405ee235be 39115
94e06378fb 39123
689fe69590 39139
1c5b981a88 39156
4392894ff0 39165
597d9cd9fe 39168
77076390f7 39181
3dffb166d9 39214
30a0337688 39242
7181d8b57d 39265
24df8467ed 39283
6584a27aed 39290
780ef0a911 39300
db17fb95e5 39301
76c785e08a 39309
493ec4ea8e 39317
3503f01b59 39340
2520005043 39347
53b57543bc 39367
349b64aec2 39395
241d5d366c 39398
6425575d3d 39436
4abec9af40 39452
5de8daff45 39457
468bd66325 39467
3457f600fb 39470
1311d8ba84 39481
4be3a99534 39518
4fdbc4d555 39541
6e21d6dd35 39544
3273f4a325 39581
4a188744b4 39610
67d837b521 39688
1d1bc4340c 39704
428f8e5034 39714
988445f436 39743
6993d46876 39760
4a883ccb2d 39770
6ecd3181ba 39779
58b694d910 39832
6b05eef0ed 39848
4e2c876e0d 39868
1444953c17 39902
24d70092c1 39973
7708b099d6 39983
336f13b859 39985
cac70b1717 39988
5ddb01da6f 39994
59e6732545 40041
35e2a96789 40067
38904d9e9c 40088
8e536882e6 40106
52152d06a2 40127
61c350ffbb 40138
4f135da688 40143
13b8027ae9 40180
440ea7fa94 40262
7434276aee 40277
51bd0a4668 40281
768fbe082c 40308
677703dba9 40310
40d9aeaf5f 40361
64d12098ea 40374
4a9980cf3f 40385
187d05b96d 40396
7f59bd48c0 40403
5b0d9e7878 40405
19770b24d6 40429
14fd93f6f8 40443
16543d48d7 40460
656f8505ae 40464
373d23e235 40505
5c1e3f7540 40513
61a0b914e5 40541
3df7328453 40542
63422ba92b 40553
3e82a1c6de 40561
7fdab2348b 40596
3c54ee627e 40610
1380313b4b 40692
a83a3a621f 40699
6df5b1bda0 40709
56d83e15c7 40723
5f1edf50b8 40734
4034d2e0f5 40761
5905cefb5f 40770
5794fc340a 40795
2942506ae0 40797
496a9f9925 40807
3618ec762b 40823
67f567817c 40843
75926f5f89 40844
4e0481ed26 40857
30829095bf 40893
6a62511475 40905
6705236376 40921
533878a882 40929
3815dd6181 40945
7fa0dfeef5 41044
3b28f31ed1 41054
457f381630 41084
71ff04d990 41115
4884acf49a 41162
64358d3b50 41227
328ba0c41c 41231
2d18b60502 41241
63d62137c1 41254
6198cb4fcd 41276
ad641583d1 41305
4e2567f078 41308
6ee34e44ee 41312
1b6b65219b 41319
6078c68c0a 41336
14fcb2a937 41338
42008a4f37 41372
1a4e9a8847 41398
74a095cdb3 41434
1b88bdf715 41528
7a3eae7b6e 41529
5a101b5b68 41607
1be139fcbd 41633
16555b0d35 41650
5ba11f22fe 41654
5c93b29707 41658
7f0d21cbca 41682
72c95fb510 41692
75f5d32049 41694
3c99de03e3 41696
678caf5a4b 41728
36a52cc0db 41730
5dbc84e07d 41745
287211be12 41755
7a26a807ba 41758
677d4b87b6 41770
309d462920 41805
491bfe58b5 41809
38005a4927 41822
4c0b97164e 41840
2e9731df14 41873
31f3c45087 41885
a213170099 41901
26b40e1801 41965
3ad9f37578 41972
7c246fb35d 41977
1779e95d42 41987
25e8aada1b 41998
2db2b6daff 42002
7bd223b037 42020
3b53faf935 42021
1e2367d5ac 42024
5eda288292 42044
568d637411 42047
7768849974 42051
5aeb669132 42055
7465f67b65 42076
15fb9803a9 42131
736753fc73 42145
346ca5217d 42156
30a020c5ef 42169
3fd25bf506 42187
1fc2a4e5fb 42190
484a29e687 42207
4aacf5d7ea 42213
64ff09aeee 42240
2d00abcf1a 42249
62d44a9f86 42250
5788de4f6d 42270
587c2a46b5 42285
7b3e0d8c74 42291
5895a9ab5f 42323
6356eaad29 42331
5e6ac88db0 42336
5f1bd12abb 42348
41c5593434 42352
451abb7e17 42353
639be61b30 42368
6133436ac3 42394
12352ef898 42406
9b4538480a 42414
5b0eda0656 42425
6b48ddf143 42484
463902d592 42486
7bad4cfb09 42498
775819ccbb 42538
5d88b4ebb2 42543
5377d45b61 42586
296842aad6 42588
6e93e9d065 42592
5a0f211f65 42614
1532945722 42623
3cd55cd10f 42674
22f28b5774 42682
bc94eb9c83 42683
3d445a48ce 42693
4d38fdae3d 42716
431ee969f6 42717
6dc3a87bba 42786
597b15c628 42814
45dbb35d4c 42833
650d521037 42856
3e664dcd44 42895
381206429e 42896
53c6516b8f 42910
5f7d14db62 42923
68cd3373b0 42932
2cc51dc698 42968
2301ce3b93 42983
49815f1bf7 42988
2633fe3507 43019
26b877bb9d 43036
178871af73 43046
4e383bb638 43089
429d845766 43092
37c5cd361f 43148
2a4e4d2c95 43153
6b8ae2edaf 43180
7db2e58955 43203
580a731f28 43211
120ca50b75 43252
606e9c4f6f 43255
1fdd00c8bb 43257
1573f06dcf 43269
62504b44ce 43285
5be03fbfeb 43306
4e2c6fd838 43319
17ddf603c0 43357
7ecf3d7dc8 43368
7eeaad25bd 43411
6ff6a86365 43452
3221efccbf 43472
4d8876c877 43484
4996a4350b 43496
68f6fb6943 43510
4a7b70dd24 43519
394a99d459 43527
3fe996fe26 43547
30fd6d15bb 43560
6d76e086a1 43563
d698e7cd31 43575
724b27e06e 43576
5c3e302f06 43578
6fd7ae5028 43581
5ff51e5c59 43598
635cc95fa6 43608
4b0489641d 43610
33d960764b 43625
7fcbb8659b 43634
5fd167cf39 43654
54d8420cb5 43677
32bd903edb 43715
4467419c7d 43718
5ec23b6d57 43732
496d6f6220 43778
7d7df5059e 43809
46336dedb2 43842
6955507f79 43846
66af8e1940 43852
32862bc33a 43865
52ceb0eb96 43881
2758dfe974 43934
497f520092 43940
516238e669 43956
6c05c7b09a 43973
427d7ddf95 44020
35d5fe2448 44071
66019ef0d6 44088
589beb33eb 44092
4517a0aaa6 44139
5eb542d552 44153
4c3366b53f 44158
488a06fc28 44161
6e2829f1b5 44169
425541197a 44181
29a7152db1 44184
74bdaf40b4 44185
33e002364d 44186
7a3f310f96 44232
28311c4c28 44239
289cf16b55 44256
47ac2b29c8 44294
5a9c584332 44304
21d78f3ea8 44319
2c4d420000 44326
9ceb478bce 44385
1c6ba8b907 44388
646d290da9 44409
49afe0517e 44416
5293ba7a1b 44480
35a21174d8 44519
44255a0746 44533
4429079ef8 44537
3d55205512 44550
55f0e7f022 44592
55938bd8eb 44593
6d6a2e99fa 44603
7b5398cd7a 44671
3e9a49e5be 44685
4d074f904d 44693
5b37f2cbde 44766
19553d7f76 44794
b33a80c9db 44798
4f559ffd66 44808
2b226c7199 44812
6e6de7c266 44819
79ea395dc5 44830
324d95bed1 44845
b614e6178f 44855
370a3670dd 44862
40197ff7f2 44863
5fcdc29961 44914
459e7b41f9 44945
30ee4fc21c 44976
636ebbcc25 44989
59c474bcd0 45004
25bf9058cc 45031
367e53e81e 45051
7acbc8191f 45079
56efc18852 45084
18fc3b9b45 45111
7186254fda 45152
12d3fd72f0 45156
34ecc27037 45160
3020d10365 45171
5724333aa7 45172
3c252f11df 45204
3daf057180 45220
37861b9982 45289
489265057e 45338
5163bba91b 45345
755a918771 45357
2ca3ae9a72 45369
3eb0b6d60f 45394
69e61d722f 45413
19f4089d84 45433
3845f59c4e 45435
6e35790a4d 45443
1a1f54d3ed 45461
161fce3103 45486
77a91975e4 45489
1308181e68 45512
6cbbb771b9 45513
4e5adc39a1 45516
23ae68cd39 45558
6e1adf153b 45568
606a6c0883 45598
666cb60d2d 45617
598f2f1575 45625
586de73a48 45628
16a1ec615c 45715
751b768d02 45720
3b81919b56 45729
67fd482313 45738
7b2b23cfe2 45756
6c43c1c5e8 45771
1ac48a6bb2 45776
561259f4b2 45778
77a24ed585 45795
525a017f18 45810
64138b01c9 45818
5308d89501 45840
369706d5a6 45841
63688e2dd0 45850
478c5a3ad7 45853
5b94f331f9 45870
121b6f1d92 45889
12a027169b 45908
a5acae4d41 45939
6340d2648e 45944
64129aeab9 45948
4188215403 45957
a2c0b3fdff 45958
3d3c043181 45965
63eca1beb1 45973
1756dafa07 45978
334d47db3c 46028
70413af630 46039
5941015571 46048
3769d32bd4 46067
6d07cf543f 46096
63b2f2f613 46108
6aabcbcdb1 46113
36003450e2 46117
50bb26f960 46120
2dfe278774 46121
54b904f579 46137
7dd2ed4b70 46190
56941c94fb 46203
3519dd8ee8 46244
4358cb5f01 46246
2cf99c5753 46285
4f8adea6f1 46327
27c93696dc 46335
24c82e5ac7 46367
4bf32de246 46485
47da73dc97 46486
6f8b1282f6 46516
22456b62f0 46523
5ee7960215 46559
3dffe43349 46577
71525ec8fb 46579
54ad23cd11 46581
2a169ded63 46652
41e6807f81 46667
5035654fa7 46673
30e23b3547 46677
33a031e4b3 46681
4933fea3c5 46693
6bf6c89058 46744
747e0d3b06 46768
14aa5a0615 46789
698ad0faf0 46919
66ce0df217 46922
67e21e69fd 46930
63f30d2ae8 46934
2c6a164ef3 46935
27a162d3bc 46936
56776e0d5b 46938
70f0b6dfc9 47007
53571e74b9 47016
106431713c 47034
21a041611f 47059
6bbbca537c 47077
63616a5dde 47108
1f17384ac6 47113
90c82c6ecf 47158
124d05a2c4 47174
45027066de 47178
7393b55e9b 47200
5c472624a1 47228
408d43a039 47281
2bfe42783d 47283
8014e9aea6 47285
21b11a3839 47287
74a8a3d83e 47289
66a5ab4a4e 47301
53310f406d 47351
48d3e1623b 47360
76b31741a3 47373
5830c64fda 47392
7b449ef1f7 47409
57f2c6355c 47411
3631bfbb43 47414
6c8742f0fd 47424
1e5fb0122a 47426
307999b2e6 47443
78963700cf 47459
992c285c3d 47485
6ea45f7ca0 47608
606a6b64f9 47623
ae674a2552 47629
52e6fd8e6b 47650
41e0c099f2 47674
69d16f7749 47678
199708e9ad 47684
6136877eb6 47690
4a533852f5 47701
774757f4d6 47740
79168e1e17 47746
147225b99c 47777
308d560c00 47885
59303b050b 47888
4c07c03822 47902
5bc5145f47 47904
4146a2090e 47922
51dbb3b951 47991
1cd14df156 48052
440ffad1c8 48106
5c8eeecccc 48126
5b38a63e9c 48161
5ca84bc2ef 48185
4508cbec7b 48192
2895132ae9 48198
602cc7b739 48201
23942926a7 48202
6b10e5f717 48205
58e4f87d3a 48238
9b544b5ae9 48256
1fc9af4757 48301
6079e05c3e 48315
60bec42033 48325
788a2a4719 48326
5026568329 48341
4155312386 48353
c01afce33b 48358
62847c02d1 48370
5d332c52b9 48379
3afd1d5116 48382
69fd3e3462 48401
709537ce87 48403
6e918f4119 48414
28cd7d9561 48422
ac610326ad 48440
4d3c46606d 48459
5d00ea8fbe 48463
7646ef6811 48479
60b9b15d04 48499
38e5839f7f 48531
3527fd790f 48545
4f5ad7ba0d 48568
7df2c55ab3 48603
6614245403 48608
bbdd2bd1c8 48617
6f72df87d1 48629
58a36ea555 48641
1232fb918f 48644
248b246570 48662
7d46edfa7b 48697
5a1314775b 48700
470884d32d 48708
67abdf6158 48802
261d9be278 48862
4c8bc3ba88 48921
1f35991db0 48969
7308498dcb 48980
4928a64d38 48996
28b64af5f7 48997
48d639f91f 49042
42db23ecb8 49056
8ab668a1fa 49069
364ea7f60c 49073
78dcea51d3 49092
6185063d77 49097
7b002a95c5 49102
6013d61feb 49123
2531bdb722 49137
4dceee851a 49141
2659213660 49150
41e418235c 49191
b558414eb2 49208
7351268bad 49220
5ecefa1db5 49248
3660cc280e 49257
529b86353c 49266
51c3240c3d 49284
808090f094 49315
67d45a6c99 49349
442f54f030 49377
71ed7546a9 49385
1f47d64603 49389
3550a639f5 49402
6bf63eb539 49413
62522d9061 49431
97d7454fdf 49441
361c5901d5 49476
7da9cbbd5b 49486
16350faefd 49521
6b744895c1 49545
717b81be81 49565
892c34dec0 49598
58aa40654a 49624
4d26784a80 49700
3686b91028 49739
60cbd8262b 49749
7c8da0ae20 49753
2ca1e7632d 49780
61ddd64547 49785
260e7fefe5 49810
3071988468 49820
4524c6db83 49821
2facffc848 49823
6b2dbb9bfd 49870
3c38902c0c 49879
3d46565f14 49894
23e7b0de03 49911
3dc191d2c7 49931
6b4fd1b656 49934
390205d2d1 49952
178b1bd5b1 50054
15ce972fa8 50059
21ddf8e5dd 50082
5a7d6f14ee 50085
39e297c113 50112
3cb7128fbb 50122
1d93cac397 50123
251655758c 50144
49f4480597 50146
64b71dfa54 50155
361b0a3e55 50199
43b76da8b5 50206
f90ce640e9 50227
61e54234c4 50242
7653f67f42 50250
501071a723 50263
2c8df2a7e2 50288
26e4ba255f 50289
5f535a08c4 50291
f7b06a783c 50295
3e240465f0 50356
4d4c5d204d 50431
4e85c890a9 50433
4640b2f4da 50441
535076c338 50461
53bdb8a163 50463
310f4bb523 50471
4a2caf3939 50473
550ef3bc87 50476
53b18bcbc4 50491
6ce4b189b0 50549
247e847c9e 50564
65c9732bf1 50574
72490cb0d8 50604
96058e43b3 50647
14b6648705 50657
5a70f7fe4b 50715
a93218765d 50720
35f6ebdf9c 50727
4081ddc47c 50741
28acc499f5 50763
3e4008279c 50764
768da38a44 50772
1ee9804173 50787
98f2187401 50799
518882d689 50846
4d64ca2bfc 50863
2611c5436a 50920
5dfd9276d8 50923
55225e73c4 50929
4de1100246 50930
562e65476e 50934
3ab84c2f46 50952
2d58288502 50992
5cfd361ad7 51011
34b35b56d8 51012
1923f09936 51019
cd24e1d690 51033
ad7f8f3a5a 51054
7374e5fa90 51081
183d9abe1d 51112
757c7189b0 51114
60d1ebe994 51118
6a34c86ac1 51145
373728ef3b 51157
19b72f1df3 51170
b735b04f80 51172
47c4f1d27c 51205
7a4b229cbe 51214
73d5ffef9c 51231
300a24ea97 51286
480d8d0a99 51314
5d73bc29b0 51320
1bb105ab2f 51391
15ef76e97b 51412
16786d54d9 51422
acda819cad 51445
48f0065219 51452
43559c5243 51467
287e4a2f39 51502
6a4c6cfa97 51508
77cf130702 51509
961d8f7b0b 51532
5e03ddf248 51541
c176eaee47 51552
604bf1d820 51558
14681aa9bd 51628
323b14b16c 51631
1c4a9b2e90 51652
5c9c9e4b1b 51660
2d17e432ab 51666
26057bfd4b 51719
400de2e19a 51726
40bacb5825 51727
d4b24af068 51732
3f17aa35e5 51734
15b4eae712 51736
1bc7f693ec 51745
78bc1a9537 51778
7c2453fab6 51779
41e02e1b49 51787
2a7d3d5a2c 51820
2fa9f625e4 51829
aeff0459cd 51934
7644748645 51951
67faed8efd 51954
7dfbcf9e82 51981
1b56b9cd14 51984
1806b84ccd 52003
47897f461d 52010
373a59c2ad 52044
ce0d5a5903 52079
73960dd566 52093
6c5c2c82a6 52134
417c85237e 52175
1acea33fc1 52183
8163d5041b 52229
72afb17010 52264
3eb5f9e5d8 52297
5eb0a95772 52304
6054a8a3f1 52313
5a6b1e259f 52345
4e92bdceed 52364
190d48d7a2 52367
33cdbee7bf 52379
15885b5eb8 52390
1c596fce5c 52410
6cd7194764 52426
5b57e3a7c0 52427
b74c4167dd 52439
6c8bcf61d4 52473
49a3ff05f0 52505
21c8b28684 52506
2f205f6af5 52514
6ca1477472 52528
4587162616 52534
763a9409d2 52547
16870a4dd1 52548
1001ed0a56 52564
5a9e8b2db6 52568
43f48ea3d1 52585
48a81ba6ad 52598
e71e3ee5d4 52601
26038e2c96 52620
3590078177 52646
fae938c4b9 52663
10388c2456 52668
2878e72380 52676
74593bdeac 52711
2562a1774a 52719
16bf507f03 52762
27a1f07d7f 52772
5e65d24eef 52800
4de3f89c22 52803
26fc26d249 52816
62e4ef38b9 52832
2a5faf25d8 52839
12d0190e9b 52864
54a7ce721d 52872
1cf2e879a2 52890
7ef0f5d1d6 52910
53a9f3c45e 52931
199c34ae63 53011
239135fecf 53019
5475fb0be2 53020
3b8f001cd8 53032
710c781438 53047
1399fd8aa6 53061
39d6ca8a35 53071
61a58eb485 53101
74f02378e6 53103
3dabddf9dc 53110
3de5d8f0f8 53149
2652fc9988 53184
3e3f7749dd 53203
614bbb9b12 53212
ed689ee216 53230
67a622c080 53236
4b89a50f3d 53241
50fb4c4dbe 53259
669dc09728 53275
346d4ccb22 53278
71cb86468c 53283
9671b2e0af 53284
50cc757986 53298
23fbfd02e7 53309
1a26687ad4 53310
7d2df8861e 53323
2b8c30cece 53381
36a529eae6 53399
3e84bc8a08 53409
5633999f46 53411
4886c3c15b 53444
6842eaeb58 53456
5077905003 53490
39eace1938 53602
1e094ab41e 53616
8b830f5f5f 53627
2e65482a47 53638
360d5a75a5 53652
4b80bdbe52 53687
36a4474b58 53717
3f64d35e07 53719
75632a0be7 53726
1adb037fd5 53727
75fcffc559 53736
7a7a8c36b4 53782
5babdac6ba 53797
367509d4d6 53862
39026a97c4 53872
2540375a92 53890
7fc73b41e4 53930
42110143ee 53937
1b418b6291 53939
7cd376bebf 53954
b6efab7331 53955
64bf706ac2 53960
73594615e3 54018
8ca22c6813 54042
6f87b8cea4 54046
3b8c1c67a3 54054
5332372c42 54055
4de5d88c03 54056
700c5c8332 54061
3389cf8d35 54070
429c178b9b 54072
59251932b6 54078
6f87a25f64 54085
500d9cfeb5 54094
5d8c6982d8 54097
5221a22953 54107
293c95a421 54108
5619bc23be 54142
3206e76ad0 54164
1663d975fe 54172
5c8e6fb5a7 54175
8b30102c50 54183
3cd16dddd2 54204
7004393098 54206
53a5ffbebf 54253
29c87a7384 54264
1d433c19b2 54277
2ff15763a3 54295
38c83e3e53 54375
3e9741ac71 54378
b643b89831 54380
50d7ec6290 54384
599bdc849d 54398
2983980768 54413
7f19bcce4f 54414
39f95386d9 54459
668612d5f4 54465
733f13d737 54477
264a2d8ebe 54510
407247f2d7 54527
50eef820d0 54542
511b649152 54580
68487cc683 54582
4ba49957da 54599
5875591575 54611
8bcda2c5f4 54612
5e6b0c36da 54677
4af890ef15 54693
5f99387be2 54741
34e859da7a 54751
685d5d4645 54763
56ecd68c6b 54782
3ca2e17899 54792
5b38cb4388 54793
7f45f1337f 54802
5a3c8c0eec 54805
4da5ed3cf2 54829
19eca4504c 54837
6b9886b2c3 54860
563faa53f8 54877
4ad877c3ea 54890
780cf4774f 54904
3da4520e04 54918
163922b369 54969
4d0be2b995 55040
53d58b19b3 55053
55a31f02ab 55061
42e1f98ddc 55075
4ddaaa452d 55078
7bb24cb7db 55091
759c4b2cd5 55107
365768a80c 55117
30d101c485 55132
4efe3d76d7 55170
4b4292654a 55182
4d8165c69b 55210
1ea3aa1608 55245
1fc0915615 55276
39eebe18bd 55281
28a4453746 55295
4852ac049f 55300
1a415f61fe 55313
3e1b269d9d 55345
7b417d3648 55348
d266d1147d 55365
557b5cbd62 55384
411dbe444c 55400
60b69a771c 55426
4d6087281b 55442
6e6ba9eb89 55457
637c8b3694 55485
2364c6a87e 55518
5cc795cbe4 55533
6017574f3d 55559
1876bd3410 55560
b6f1cadc1e 55579
47e35c0d05 55601
a3592443fe 55606
726b3dc105 55619
4edf791a21 55621
54853352ec 55636
34bebded57 55647
1f6abf8cfa 55653
43327e5d19 55669
4b0e329158 55678
7794c76673 55687
4050458af4 55702
7c55b59b35 55753
66516ed20f 55761
29aaa8d34a 55767
1ed5621543 55788
6d94a4a85f 55798
62bebcc117 55801
14b731123f 55824
602ea8ce6d 55885
371c8ba1f7 55914
40992fa3c5 55949
1a6f5e2049 55951
2f6c240ae3 55979
770f92ce7c 55980
776e771fea 56018
a2ccacf21f 56039
cc958208e2 56041
7a935354b5 56095
129fab3286 56098
56a42acaed 56100
1422c292e8 56104
1beb10114c 56136
550831fc49 56198
55a1f600a6 56202
673134a557 56278
32977c4eb0 56279
3bca3425a1 56287
1fd6d8a7a8 56296
235b713aff 56331
6d89bad8fc 56337
534090611e 56354
54b215a954 56385
3dc360479a 56391
39a5bcf445 56397
43089346b3 56411
43eec64b71 56412
17c4e1ab67 56428
172ff87a85 56429
282ce8e6df 56442
1376564f77 56455
20bd6147f2 56460
47a65ef054 56478
35eff9b7cd 56483
4e2fe546e3 56567
48a5a684ba 56601
6c1ee4e15c 56602
54b4b8131f 56606
382b641a9b 56637
176157a071 56674
3d224fdf33 56678
6d5e84812a 56710
b66e0f0697 56713
3d41437c1b 56717
597c011cc5 56719
4054a3fe08 56721
288e9e1bba 56737
293753774b 56739
64e67bc9a0 56763
27b30ddc07 56765
76a34be1b9 56797
37c963804c 56801
647e6a9c1d 56814
8ce26b513d 56837
4a085d72ea 56854
218dd4b38a 56863
17d354fd36 56870
6857abd641 56876
7ab6907935 56896
4019f86f5f 56907
2f8b224bab 56916
6d0f062009 56929
25703fb3ab 56931
a41e6a11c2 56937
2bfedd8051 56954
7236c5e44b 56959
27cbdba820 56978
701d19901d 56994
41c8731a27 57004
52bb84dce8 57063
70d71aa4a9 57069
2b958f74c4 57071
56297ec0f9 57073
7318a1b2d2 57078
6741871015 57090
41804a5bf9 57097
297518abbe 57111
518567d97d 57183
671305e8f5 57199
75173a87cc 57225
60e9baacf6 57258
4a33a83c61 57270
3532fd51df 57281
dbcfd3c9df 57284
2b45982b85 57320
68da1faee1 57324
181bdd06b6 57337
3e0cbd61ff 57342
2221834928 57373
36dc3d319d 57391
61cbdd64c8 57393
63400c9643 57415
19c2275659 57460
4555bce72c 57465
3c00ff0583 57466
29918dbef4 57496
468156c311 57506
9cc9bc65be 57523
201bec8f9b 57525
4da44e3b81 57531
21398cbc0e 57563
50f0c3a500 57672
309cfe0c61 57677
6046e7be0d 57680
39387bf6bf 57681
12f7dd8769 57687
e0506947ef 57700
46790bb2b2 57706
9b289ec207 57715
35ffe5c7e6 57731
5a837c30d1 57736
3c6c2ee506 57750
5c55fd2aa4 57757
3b393ba021 57762
534d4871a0 57769
28f487e08a 57775
46ccfffd0e 57804
26f5c417e3 57824
6bd55532bc 57826
3f8db068d7 57839
3dbc9517aa 57842
77603564c1 57877
675e728be3 57878
4c58c0345a 57887
263f31a8a6 57896
3590899cb0 57904
5a65802c59 57931
3460e52d95 57943
8c2a025b34 57974
21f5fdf249 57978
641b40844b 57985
efeee9b4a1 58009
629b6dab11 58030
479819ac6b 58032
7c69769975 58067
4626e7e1e2 58098
788260ff44 58107
5097e3333e 58109
54b8ca39c0 58136
7e76a287a5 58193
3775246f21 58201
610095f29f 58224
578641c0ba 58255
7e22db91f2 58267
1901eecc81 58286
c9b1088974 58337
9d2a820b6c 58345
7d8b7cf723 58348
1471108cab 58352
487ebd6b06 58357
1a3b8f1761 58364
25b3cba4c5 58373
5f349ec05b 58388
1b13710833 58418
47e83cbe7b 58465
d8e4278548 58513
6bab49effb 58520
6e6c5b51a2 58527
46f5e385c8 58568
35ed16940a 58569
15cf07cbf1 58619
68c5a80dd0 58620
65c72089ae 58622
4282b07b77 58638
61738b8e49 58642
164230cd4e 58644
2096881fba 58652
15add1b4bb 58655
79daae8302 58708
47ee7bad70 58732
20f139c2fa 58789
471928aa64 58798
3c0a29230c 58814
65a452c0f6 58839
78446e4f3c 58844
368f6ad274 58847
72f25037c1 58850
11704a200a 58868
12ae51b052 58876
6e226d1077 58882
1f8cac1bbe 58887
5ffd8f4e6b 58917
53549cd0d5 58953
5a2549a46f 58961
4098dfd68a 59033
29b76fbba3 59035
1618bbd013 59055
766af94026 59071
18dccff3d9 59076
15979754e4 59090
166259ab63 59110
51baacb99d 59147
2be5b174d7 59232
368dc1fcff 59251
4792f24327 59277
ad9bc4f9eb 59344
71a4eb62dc 59374
3823837306 59396
79aa4a3d59 59432
7969087ae2 59444
1caacaf0ff 59445
7f3ff02d44 59451
3096003bbe 59469
6b22e25370 59487
73d891b26b 59507
4bd791e6e7 59508
5b2c702746 59519
2fbb29a00c 59544
5f0e5d5c8a 59553
16ff43bafb 59556
3d5f291b5a 59557
b175926ec5 59568
6559d0ac67 59575
65329bdcd7 59583
79e79dcc37 59590
1c13fefa4f 59607
63022ba6a7 59624
2b7ad82f76 59631
6d0f0c1d84 59636
50defe0142 59639
3d1a26338e 59661
6929ff3880 59711
4142662589 59716
40c3745d2d 59767
736ae1f73c 59774
39b34a5a55 59805
10aac156e5 59808
4db5bcc198 59809
21ba71c6ce 59816
449df217ef 59839
2e27d689b4 59896
37935644c3 59909
2b75ed169a 59913
614be7d1ad 59924
3d4f1f0904 59932
4bcdfa61db 59966
6ccee27295 59979
481eef9ca3 59990
158691e750 60045
1150d90e90 60047
61c7c29ce0 60057
27ac0b1680 60058
149cfc161d 60155
14f96bf3db 60200
8d8720948e 60208
515ce7dbce 60234
688d932759 60277
7a60a709d9 60291
633a5e9601 60328
10b68a018d 60382
7a8c270c12 60388
23676cde09 60390
3d25e184ec 60399
59c21902d0 60424
e4b53a0f62 60456
5529aaf815 60464
9dc80b3bbc 60482
403d1b21d9 60499
7ba5e6ae43 60547
9815fbde36 60571
99218b3143 60581
74e4aebf03 60582
3b76da52f0 60585
42918faad4 60605
38ba7480d8 60616
1691ce65fc 60639
34b21efae6 60640
14ecdb10e8 60641
6266979824 60649
4e0eb96906 60721
3d4c63c430 60810
13010fcb95 60863
43c08dceb5 60867
754adbaec3 60894
77fdd01769 60905
6d69ff476c 60957
5d99cbbf78 60973
10459bf0b6 60979
63d8ef63d6 61016
45570701db 61023
1a3338318a 61047
515a6ff220 61101
6aa42193dc 61129
720396a1b6 61138
3f339358e6 61151
18b6ba6e71 61223
4a80da82fa 61225
2c8a1549d1 61243
7f62e782ac 61261
524f90c231 61279
7a331b866b 61287
3a5a5714a1 61312
6522171189 61322
1ee10bdbfc 61351
4afa831a51 61361
79cd2e2232 61381
568a7bf5d1 61387
80f24050ea 61396
7b8ee3915b 61414
2b1dd50d3b 61442
13f6e1aec7 61488
5cf66ac731 61591
63c7f4fd19 61593
1e49d08649 61602
65c5793273 61615
3373e3464d 61617
608772cb92 61630
bcd6e63e2a 61633
221a050c3a 61643
5bdef9250a 61666
2244b2854a 61697
7877a9762f 61722
2524cdf4a0 61736
26373fa6ad 61763
50c1a0c923 61767
467900a41b 61806
2581e332b4 61815
5fce431732 61830
34158e4a5f 61840
453a05c713 61846
5f58b8bc54 61851
3ad578111b 61893
61ba611da7 61909
1794f1eb06 61918
5ce9c8cef7 61943
3993cb428a 61952
573dcb1501 61954
6b8defcba6 61955
28761f8f1d 61959
56d05d6b8a 61985
726348ed32 61988
73798f73c7 61996
18c60d0b0a 62097
767f4516ed 62109
4969fd3b28 62122
21b702dcd0 62124
591efb456f 62132
4e8d16207c 62152
1fd7c38a14 62202
450e50a779 62203
6ccb61433c 62259
47f83326a4 62261
20ddaabe97 62270
2a83dd1af6 62285
1e69f477b6 62291
4c5aeab436 62313
7446b5e81b 62321
523670b941 62330
2e26c2d41f 62331
f08e010dc5 62408
6f0016657d 62439
46d4a52e22 62452
3831b78ac7 62461
133be78fa3 62463
c8fd4eccfe 62490
259da67fe2 62495
591c912200 62501
3fd0c68c91 62511
55beb0b4a7 62554
5ba2f59f6e 62587
32fca413e2 62593
4c12ececb9 62607
351d812be8 62688
3fca813980 62702
3c49f32b09 62710
7249d27fba 62753
439a7a5ca7 62791
42c1a0754b 62792
40de12ad92 62797
6cb0bca55a 62801
44b6052e77 62806
578007d003 62822
1654fc3a6d 62828
3c7e47a6cf 62856
7802e13143 62928
158488a162 62947
1c2eae51cb 62955
5326661e25 62957
6189fbe7e5 62968
5cebff8306 62982
40ba3ffa92 63007
2e172a8bee 63038
155b65d79a 63088
339b8bb3e0 63092
448bc1c96f 63102
67490bec33 63106
54046788a7 63157
2643be1312 63166
42e7baa793 63201
25ff7b7d9a 63225
3bdfdadf37 63237
763a054a08 63240
191e49ad8a 63263
6cad7787f9 63266
502146b4df 63296
72298491c8 63298
663005ccae 63333
56d66b6e52 63351
6b3adc9055 63387
57bebe2790 63444
71f36d2a36 63454
88d29dd70d 63463
2fd7dff477 63469
6e87089fbb 63473
7288e49cb8 63523
2c297f7df0 63538
14acba90fa 63544
4143819d16 63571
71008d0b34 63575
41ae2cf48f 63589
54c41e2dd5 63608
3ba56cbfde 63609
6770c6cef2 63616
39fe203c05 63660
2214ae4b1b 63664
6f946ae78a 63670
1749f1662b 63696
6d2571503f 63726
5cb04c8c91 63729
591e33db1f 63765
612e2fd55b 63784
687ab9f31a 63798
5e667eef7b 63800
1e485be85d 63891
4026701d1e 63938
30f7ed2b82 63952
5b5c5eec5f 63966
440dd2b546 63969
418dd08e3f 63984
713e115730 64040
7f34bb3a3e 64069
57512e37a7 64085
187b2d1398 64121
358f74cb27 64123
175c861d38 64125
64254871b3 64130
2ae3a5bfaa 64144
74602834e6 64149
56387e6745 64152
64b496402c 64159
3791fb201c 64225
5bf037dbfd 64231
5e6eb0882b 64233
1cb9c0ac0e 64240
42b6a311e9 64243
630b50cd33 64245
1d22be93da 64249
2bed7845b1 64273
76af83b907 64286
5686e312dd 64310
194e268319 64322
4c0c440893 64331
7382aaa7bb 64335
7a6499052a 64336
699efc6a43 64344
320acd04af 64359
61f813ca55 64363
3eecb3bf76 64369
183de0fd1a 64404
7960a93c8d 64421
22e314d171 64447
2bbc441a7f 64458
26fd39778f 64460
491dd112af 64470
67469f433f 64474
7bf101b6c3 64485
33a7c90d7d 64517
4833f5a5bd 64528
6b0074b0a5 64534
1b2b800fd8 64547
48d4d68152 64585
639dfcc968 64588
28b2116122 64617
48e5214823 64627
618ca9796e 64629
41c2c52904 64635
8ec099b589 64696
70420d5410 64707
4179a794cb 64765
7072ce25f0 64818
3efe619d7d 64828
b0a62574f9 64839
64aa7e3146 64857
4b6f8d87b8 64872
29455f1618 64914
4659a42c28 64950
574f7c9ab9 64958
69c0f27c9f 65162
2fac0a2e30 65168
4b7b32de5d 65177
aef7a32b1c 65236
2fc8e3ecaa 65282
6b8fefb0d9 65283
6abc4a680e 65287
16fbef5eb1 65288
3fa7922ad5 65299
51a43629e4 65343
444ec865d3 65374
60a8d1bee0 65389
2d16c97d87 65446
361f84e1e9 65453
2e2682f180 65461
30d454fb1a 65466
2f1ad34275 65486
123debfe59 65542
4774430890 65552
2e959bf9fe 65555
677ba7e2cf 65611
42a2fcd914 65630
1ca28100a9 65658
42dd4344ad 65682
6cc226ad0d 65687
2cefe4e164 65713
1546627903 65736
1588302a1e 65745
53a2ce6893 65757
123a8252e3 65758
62c548af02 65761
6a83a4cee5 65769
4e6fc8432c 65815
314ed1641a 65830
12b1ee392d 65837
74fb987d56 65848
62daf1a2c2 65866
25a6e2f20e 65882
2673aeca9e 65911
38a78780f2 65912
935e5e90ca 65915
6b2d3bf3ea 65928
31f1ad4c3b 65929
604963800d 65935
2b1a4c258a 65936
4695b3b7c7 65942
2b9b8638a6 65995
a819bebbd9 66011
234e477214 66071
770c17fa1f 66103
5f25a498e0 66104
12d71c0e8d 66126
5d8e413665 66127
632126b3a3 66152
6e262ba8e9 66175
6a2d720f9e 66190
19efab586c 66191
2bdb96405b 66203
4234e3a3e4 66216
21c6b934dd 66227
2f3327e7f7 66229
5f5a3c68cc 66232
26177281ac 66273
56694e3f71 66300
a2b26ca7e6 66310
694ab87857 66312
6ceabc72a1 66317
563acdeda4 66320
7ce730a592 66326
2e32df779c 66351
4b0e1bd43f 66356
3fa1379a01 66365
211b4b601f 66431
16770bd2e8 66457
2b7144a6cc 66488
417e04e733 66540
4e2c16231a 66554
1d395b3d17 66560
4f3da72c29 66597
50eab8539a 66639
263707029c 66696
46fff9b2a6 66718
6a8c999e25 66735
6bd5373f96 66741
9aec7ccb67 66751
1711826b35 66766
3dd5489866 66773
2552059b4c 66783
686848eda8 66790
424bb4b9c2 66811
d826689830 66813
1648678381 66825
252858b2d4 66830
70d6278040 66850
4e7b6ae1a7 66873
547e7a83f2 66877
1576aeb9e3 66882
797896efae 66933
63e30aa1e2 66954
5988314d95 66978
2d5752325e 66993
2dc129e02d 67022
36067d18bc 67071
1abc294f2f 67074
30399d926d 67078
38054b110e 67099
124ba70f90 67122
44fd3be877 67127
6fba2ff0d3 67141
58f935fed7 67144
77639b2561 67215
4e68f41574 67227
511967ded9 67246
2b979ac586 67249
adc4d3c896 67271
284c06046c 67274
6b6898bf80 67285
7cfb6cdb2c 67299
313c39005c 67306
79354d5588 67309
6cfa544765 67331
51dc69506c 67334
57502e35f6 67343
406f5faba8 67346
2ff8d2a4a4 67348
22a64580f0 67388
3c44dac011 67406
450014b225 67427
5c7560da5d 67452
42bd4a2f6f 67488
1e29ce8660 67511
77b7b63c8e 67515
76756ff68a 67551
38198587dd 67561
161d1d96fa 67562
3dc4073b4d 67589
2c1c60ee96 67591
38104c82b2 67601
363444df72 67618
3e266badf9 67620
74b3a6888b 67624
6b046a1287 67645
7a7029e511 67673
74e1c4291a 67674
480fee4fd8 67696
505d23da58 67697
25333dbb97 67714
30c2227b3e 67799
4b714ff425 67803
6f99d17d06 67813
770a5925c8 67828
4018686def 67876
2aad6fb547 67878
3a665b617e 67881
1d415c8cdd 67897
4ce3317255 67900
74ca796f93 67903
33adfb4de9 67906
64b78b6bf1 67995
257646e401 68045
4f65cdf664 68114
7f5e6be315 68162
331caa0257 68164
2aa18d5dc4 68165
5bf23ef48b 68200
5cfd1ea535 68207
2185ae57b3 68216
436de6925e 68218
238e88508a 68237
7650caa283 68248
1954f30180 68293
21c4eca46e 68297
7e31686026 68299
4294063aad 68391
4f22906b35 68405
addc7c693e 68409
23956c364f 68413
58ae3782ea 68431
775584c628 68436
58f53b5d48 68446
4b6825ed89 68505
4b14213a34 68519
120e5eedb9 68546
45069bb992 68575
56536a89f9 68580
11dcace85c 68586
783c8b67bc 68589
6c508f48b5 68616
738db1b5e5 68641
73c6082429 68649
135d49e073 68666
29cdf91992 68683
ce50160c16 68719
49c0380208 68757
7df675f11d 68778
72030715c8 68779
36ab19fdd0 68803
46bec66bb2 68857
a0921deb16 68864
730c9bf32d 68893
79e0731596 68932
1a5b61ea1d 68946
3679599ace 68950
29c7f79e44 68978
6f28e65b80 69025
58d0a38fc3 69049
151ae4e8e4 69051
23e7af1e9c 69054
7dc6076a5d 69070
261c9da854 69083
65ebbf340f 69120
6341ad6243 69122
6a81af27bd 69131
5a12d1f3fe 69205
99339c1b1a 69239
3fc5f59199 69271
7050a06cf4 69282
1d4714bd44 69341
6e0a0d1d8f 69346
70bf912848 69353
4438ea3c60 69381
5d46c8d33e 69392
af0a329dae 69447
64b0d52cf4 69472
5ba3da603d 69477
b47be4ae0d 69561
59ea422dc5 69594
2b74b12422 69609
11d4d61f76 69641
144f8306ef 69654
318266cc28 69671
2be003d0e2 69679
3bcc4c0a4d 69684
36ca0b7525 69722
10d6302b50 69736
272ab1fb0a 69777
3d0eed7128 69784
d1d09a5ec4 69835
7f214d88a6 69840
495587376b 69847
61a42646c5 69856
6e5a6dd50c 69870
3b4faefda1 69874
46b58e4e79 69884
23e65e1189 69905
49f9168dd0 69911
17e78886a2 69934
2a00aaab0c 69967
1120139657 69993
5434e915fc 70006
525e06e080 70054
b5bebb2f50 70061
9f3a771639 70072
43b3105671 70093
66e2c22c9f 70103
72e82da464 70140
235cf377c7 70155
218d67bdbe 70163
1efa7096a7 70178
31d4d16857 70197
34a2c02a84 70244
2f99a9a2e7 70280
351c2bd195 70283
6cbf244a89 70304
5a5369f438 70322
1e2e3a7827 70337
33fe1bce15 70393
44003a19cc 70425
158cf249e7 70432
233298a79a 70434
4dc13d3071 70466
53f4a90e96 70469
2f40dd8ee2 70478
29738f7d6a 70503
6c3a0c93d0 70581
5fcc4300d1 70641
60e0339ca3 70716
72e7124202 70736
51b2936b74 70746
45c20d027f 70752
2145eea9dd 70755
11ed0240ab 70763
45a66f1f29 70770
11de76829c 70778
212afc9668 70808
5886c135c5 70817
73b09452bf 70873
548eec72f3 70876
6511019dd3 70880
7c7f6c6492 70886
4df941f445 70910
5a448cf364 70911
4d2a6ef886 70946
3e639d3b90 70966
caccc93421 71003
4b23a37c28 71020
7a2d0f40d0 71027
7818301937 71047
786873820c 71055
4d3c34ef7d 71085
6d67bbfc9c 71091
31369449e9 71111
4caf8ba28e 71145
78dceca56f 71180
2056ba26a8 71186
108aa82fde 71187
7ce1de16f3 71200
1dffddfec5 71202
30235c3165 71251
731b18320d 71253
14160e3719 71255
15807250ea 71269
487a661123 71278
78ac986f3e 71292
521ddb004b 71310
1e6ea698c0 71331
af1818c1e4 71335
58059c97cd 71349
78834c3644 71384
6640ed0857 71394
d3a4bd15b6 71398
442b805e11 71407
e99c6ea752 71413
3992fc3bdc 71499
29f4f69484 71509
3362dd1b3b 71537
5512c560b0 71578
10b2080bc2 71613
79b7b9bb3a 71621
6c336f8b84 71626
1517df8336 71632
73bb79c75d 71641
7f18161e46 71656
1f9e734915 71691
6f453e0313 71705
50ab613e41 71711
480e262c2d 71729
9179521e76 71751
54ab1d742a 71760
3085bbab18 71812
49e8088c7d 71830
10ef355202 71837
1fc5190b46 71888
1f4a600744 71915
6235783d92 71917
26687751ca 71936
6484f96961 71938
5b7d3053a1 71946
1c363d1e62 71959
47ce881767 71966
21facfdc37 71985
2b3fa944d6 72013
129fa2c503 72017
27a8ec31db 72075
5bbea420f5 72082
1569063014 72113
38bd5f3e58 72132
4c22c6f83a 72143
1a8e5920a8 72150
49020ac78b 72159
3bd32c6365 72176
7e3917694b 72179
50e9ee316c 72182
6322cef100 72188
6c0387b24c 72217
72d2c45467 72234
5251c8b889 72237
40a32542ea 72263
1c271488d4 72303
77a1c0428b 72310
67ea59aeef 72313
25312f6562 72319
3e5623bb5f 72325
71a523996b 72333
43943ab062 72346
1a47d10ddf 72351
524fac8078 72360
57f2a4b284 72363
4ba0b81113 72373
46a61957a9 72379
5c6457b77f 72408
5826904a98 72427
18f08cbc05 72435
232871b134 72448
14db37a744 72466
6357209416 72513
855edbdb32 72538
3d6dec98ec 72539
7cd8d9dc45 72540
7a43f30b94 72544
3a7f9445eb 72572
179c241856 72579
6eec415d7e 72584
12708a36db 72660
7802a5abfa 72662
18b3ce3cec 72666
19b6814373 72671
28b0bb7444 72673
40980a922a 72701
4601ba61e1 72725
4723e929d0 72739
10bca8d9f3 72745
5bafabbb70 72794
53c3ab8e42 72800
58f5af578d 72827
17c625b6f4 72829
5e78e434b3 72905
5c9b309b5a 72907
398d34042c 72968
24497f55e0 72973
593bd65248 73006
69e164a4af 73013
522e5a6e51 73031
2515f9a9c3 73035
f8602bd23a 73052
27b6ebaa29 73060
5903b789c8 73087
4e5d3e3991 73103
47a7f232e7 73165
507c4b44b7 73171
35e6b5c629 73215
d561aee8f2 73217
7af3372013 73241
dada32e237 73270
5abd355991 73298
649dc2184c 73299
7b695bf233 73322
2adee4084d 73324
5976c229e5 73358
6fbcda1e81 73373
1cd0ff88ae 73375
2255c5b88c 73390
2305e07088 73404
799d31f309 73416
7c08515c56 73420
2d82f4765f 73456
518b6160ac 73495
27bb33641b 73496
771b06c21c 73500
1f611a1b23 73533
2b7d4fb9e3 73549
699d40a5b2 73597
4974a58787 73635
8f13b5046e 73652
58f04f9015 73687
5fe5d113ca 73690
5482a86eff 73707
644cb62a7d 73728
77474ba98c 73731
423864c2f2 73748
62aaedf972 73769
3208a519ee 73776
73b27db3dc 73795
788cd2029a 73815
2b4962338c 73848
184c8283cd 73896
68c30371ce 73899
7960fc482b 73929
3c87143ade 73934
2925da1e14 73951
8c6590bf72 73960
4f4da9ade0 73968
4389b5933a 73980
6ec7d467a3 73985
7fca662579 74011
f29112c7bf 74032
538cd3e9af 74038
2cc9cf16ed 74051
1f7400c32e 74071
59d9fe3b0d 74081
32b989083e 74103
24793715e2 74105
f7c7b944bb 74116
1e3fcdc364 74146
3370916c78 74155
12b2ac7d4e 74189
16b972c916 74194
6b60d6b486 74202
6fe9f42617 74241
7e969ac22a 74250
256b167327 74255
7e5a95afc9 74259
78165395bb 74315
7e674c4d99 74344
5855c63419 74350
4a3df5927d 74396
702646bf7e 74458
20a2dda0e8 74460
504225aa34 74461
5a5f24162f 74499
48f0408192 74549
18f762e22b 74553
33f0315783 74561
4a10649cae 74583
d32ea6cf9b 74585
2733cceeeb 74589
157e24a104 74622
41cd51a1a4 74638
480f8c5457 74661
46b51c9b90 74677
223e770437 74693
6b975e4a7c 74701
308bd1cf79 74711
51311b5209 74719
199d495be7 74721
54cd65e074 74746
19ead7ef20 74752
2e6eb0d439 74765
198ca0bbbb 74774
147030fb9d 74812
31482eb610 74821
322a092c66 74825
1f39e09571 74833
1ab73f1c3c 74835
29b211c9ed 74878
572b912ffe 74903
398ea3a4b9 74906
2a30414556 74908
8bf179ebec 74909
270a018904 74935
4c66e70676 74941
5f2962752f 74972
61a4df5afc 75009
17a81d1d51 75012
63a544415a 75055
2e103fde72 75078
6e6d8659d0 75096
13d0be5057 75098
31c2ee0cf4 75120
51c4a7ff8c 75123
3a7ec0225c 75139
47aa5e178a 75143
2809078123 75167
321967f47c 75175
2af429e2aa 75226
778ff6a5ea 75252
64e21ce819 75254
6f383dc061 75262
23e1fc0a07 75263
55a26cdf2c 75280
175a553b39 75327
6a983cf31a 75328
4d98c02886 75329
1f5453e054 75342
6506f22e6a 75358
2efe40e4ba 75374
1202aaecb2 75404
529c71cd08 75406
318ac5fe33 75424
10e19b90f9 75431
5e6d337bbf 75434
212c649058 75442
7c6e174421 75463
75b4707a0f 75472
7af9ab59cb 75485
1af0e758db 75486
b8fc6c7448 75502
1dc1fcaf0c 75521
56519088a9 75576
4118536cfa 75588
e279020860 75648
888fed63e2 75661
3a7352a84f 75672
33bc7d750d 75690
691d6a28ec 75703
78a773401a 75708
6174bbd8f2 75721
64cc1d1b7b 75755
565941e256 75761
25f31ed1d5 75784
325acc0e52 75802
4c85d6498f 75820
7c9b281ebc 75867
5abfaa6a82 75883
46de98eda9 75900
7491bdc57c 75937
532355b2c3 75942
5375531e88 75952
600713ed65 76019
5e0ef25311 76057
9ce0b86aea 76073
5e71e9e4b0 76098
6d9e510503 76100
6aa81f7f7f 76109
15ab938187 76112
1b1b505865 76138
7d6a58e480 76171
160bdecdc6 76187
ac5b1fbacc 76196
36f715b79b 76212
770a92dc9a 76261
22d0059ec5 76262
1fc2e826af 76269
248e42e7c4 76282
5ea2d28def 76289
1f0419d490 76355
567ce9228d 76365
d3ca5c9ccd 76370
6cad426849 76382
13b998ca87 76385
312fdda154 76405
1217f3202b 76421
79bf28cc3c 76447
7eafa9b1a3 76474
45fd278c81 76507
34c2aef5a3 76558
3212c32dd7 76569
d580007581 76606
23f251d35d 76691
20463e7f8a 76701
358ccdc488 76720
1ccbb0c55d 76812
2e366e7edd 76818
4eed00d832 76826
34978fdcad 76830
606667ac1f 76838
4ba7e00cbc 76859
634c478a9e 76874
35e123447a 76904
10ed8ae314 76959
a54da185fd 76963
4232f87804 76972
3b369e5a01 76980
4cf697a88f 76994
16618248f3 77009
1cb1b3dfaa 77056
622c21cb4d 77101
6113ded01d 77141
48dad9a13d 77174
6514fbf60c 77219
5cf7d4e81a 77245
62b6662700 77254
566e5a87cb 77255
5fbb1aac5d 77263
61ff57f3c1 77265
739416717b 77266
601fbee1e4 77268
292a4b2061 77286
2558991dec 77337
35e74bdc6b 77339
75462467df 77344
bf7ca8d489 77370
4cbb439028 77373
a220f97de8 77401
15c202f064 77483
3acd9e4cf6 77487
57f5070b7f 77495
5d721f837b 77536
ead484cfdf 77546
71ed076e34 77562
6133d18014 77579
7bd5059999 77583
7d160be469 77589
184ed6e4e7 77605
1efa152b0c 77611
6d44c95a1f 77644
7eddb5dca5 77655
11cb61f401 77671
3b57588a33 77693
56b5801647 77697
363c8eb01e 77698
2a8aabf5ca 77703
2368129962 77713
1ad0e36c7f 77730
b2a5a99a4d 77772
1116ea507a 77774
1a9be5e6ba 77816
787e52c542 77820
110d0873f1 77823
6a4953aa51 77833
1546fe217a 77920
37c640b2e2 77926
3e9662fb1f 77942
7d7a50df21 77947
6571226e72 77984
174f471a01 77989
513ac7bd63 78022
778e61fed5 78051
56a96e2762 78064
52fc72ca15 78070
34cdcd8c76 78072
4d10b55c06 78090
6a7687c3a2 78144
10a8ed0ac8 78161
620a4080e6 78202
6e6f0832f3 78210
39218d2315 78218
3f05c2e621 78256
32c813178d 78269
2a47d05812 78281
115ecba070 78293
4e6d33da41 78294
5fc2805475 78320
3ba472a1ad 78328
41eee96f3e 78339
5fe23c896b 78356
6531c20810 78359
4395ecbc9a 78365
684e9a162a 78402
44e68356fd 78424
1202ceb01f 78436
427d99eb00 78438
30a41b53b8 78457
67334d810a 78460
14efd11e4a 78462
5608e3b960 78480
58714333aa 78499
2847db9ae7 78519
4df80a6559 78552
42818243e3 78580
7d0558e8b3 78605
1ae3e9f306 78624
4b333a3db2 78651
5cb04ffa95 78653
422b5bf947 78667
628e76a0d4 78671
18c67d74d4 78686
3efab925ea 78715
db50360e87 78730
796b751352 78737
6a69fce923 78741
292d7e6706 78742
28cd304c04 78781
10697d6479 78790
407e01e889 78808
3cc705ee98 78815
2fbf407602 78837
7652b5436f 78843
26936adfdc 78865
4870bf324e 78902
1fd336bda1 78919
5bf092c9eb 78950
aed74a79fd 78996
7f7b97c152 79014
23502ff583 79079
2440ff30fc 79090
6630b04ebe 79105
1832ac9e69 79109
d9d72d4241 79122
4fb9c8f6ff 79124
4968a60139 79175
11ebc35690 79189
5cf2765ff0 79194
33c817e571 79196
41f6fe054f 79211
30c38fffa4 79226
5eead040fc 79239
1859583fee 79242
531fc36e2e 79273
4dd32f35b9 79275
3dae2cc72e 79302
7944e2212e 79306
3a8537da00 79356
141fabcd59 79384
a9faac05f6 79386
5eb40c24dd 79419
6d3e83f167 79439
674c0b7b06 79454
1698722f17 79479
6384c3d893 79507
655f2e7145 79510
39dd68bbd3 79531
2f8b6b271b 79557
1a7603b8c2 79595
50b5fb751c 79599
4836dc4b3b 79638
b741b501fa 79656
2075d4b259 79669
7660eaf8d1 79697
6e2fd75abf 79757
703c6f6539 79783
22cfccb913 79864
730538d613 79871
47bef3c482 79928
4e3177ac1f 79933
3c6db63443 79946
7ebeaac2ea 79987
2224b528c9 80036
297fca5950 80057
2d01332189 80073
3fcdf6f411 80081
2ea34ed70e 80108
5e6d1b6164 80127
30a17d0770 80151
5283b4aeb2 80153
48706e8f50 80158
2c751ee241 80166
6307efb857 80196
156605e96f 80197
285953e48b 80227
60b6ece52c 80232
5583f9d6a6 80257
521ddc402a 80279
252fa93ccf 80331
55671b735d 80336
5d6ba569d5 80349
14be64a8e9 80353
35b67c9b95 80356
2fe5428797 80419
15b3264308 80438
6b1e575162 80454
2bfba897eb 80467
6b4776053e 80485
61e7799e70 80489
5d65387d76 80492
3e1af3c879 80524
26bf2e5383 80533
575d37f9ae 80545
6b4773a8f3 80557
f831df3324 80592
22e0342a1a 80626
3fd2d48eb3 80649
20ebad7362 80659
471336b94f 80664
3e8b681d42 80673
2e692109e7 80680
3578ba2c67 80684
165e8d80ca 80722
3a4d010c81 80758
7a4d10cfa9 80817
5ecffd5971 80819
3a7526fffa 80835
51dc144727 80852
6a67952a0b 80855
44ee00dda1 80876
75b6bd5226 80884
395e348bd0 80907
76d0e60376 80944
1e6a96c2ff 80962
1e457d7308 80967
3a63ba3f8e 80996
184dbd5d03 80999
2302e0fe65 81008
256e6d99c2 81013
374ca20d1d 81016
3616743864 81029
5ad04b46d0 81115
1a57ae18ae 81165
239e6b0f5e 81170
6330671c3a 81181
32c36314f0 81196
79d4f7ab8e 81200
2cc4165ed5 81233
33a93b9606 81236
f2d3b59a37 81238
486a684300 81255
6142197513 81259
4258cabb0c 81266
54772e3f6e 81281
365ecd6f3e 81312
24bc7902f4 81317
4acd1e443f 81325
1fa3e20270 81336
6d6c70c501 81377
3c66d44dac 81393
536446f708 81397
59f420ff2b 81407
3dbf5b3ff0 81416
718ec6c478 81434
2427a0582b 81449
5e701f6cbd 81499
c87bd4075d 81507
160257f581 81541
4a55ab4156 81546
663ef4ff19 81548
612d02c6cb 81609
697ca6cf77 81706
51c291e153 81728
19667d22bd 81776
76d7754221 81795
6619680d8a 81811
4dcc089f8d 81885
710ed6b693 81886
67b8689b3a 81912
3334a5431e 81924
47d8f11765 81951
1be5d2a768 81952
5ef94bd54f 81968
6570f70c9d 81979
be65f802ed 82003
5a7b8ec25d 82013
c989ec5cf4 82026
3a13348fc8 82052
3094434409 82058
48a4df5a94 82075
69c3abc4a4 82088
5bc2720104 82107
7febb38478 82125
72123d5647 82155
7e84747d29 82162
5b0ce74934 82168
7c411b09a8 82176
6a911cc512 82179
fd4c6db2b7 82184
7b77c8c990 82187
774c2fb7ac 82231
65b34c5b57 82233
6a91efc378 82234
322f0bcf7d 82241
340c640050 82242
7f7ea1fd62 82243
2acc0a6d09 82251
3532e951ce 82272
1e76ccc1b5 82282
16b88e02df 82317
5d05f96235 82327
5fd6d0fb41 82337
7432b708c9 82411
1d9c07309c 82448
62820a7345 82449
dc29110ff9 82467
4ca3ea63b8 82471
1aaa82af5f 82484
24cc3e3528 82495
89336328c1 82524
66a5fa2394 82550
7aaed67803 82552
3c083c1296 82563
69f97fe12d 82572
f3c060c067 82602
4cac91cd07 82640
4d3ac3841e 82649
5942925743 82658
216ae42d29 82676
52140159a9 82703
43bf36d710 82712
148c701572 82714
58d9e412e5 82740
7995a78f27 82765
3b89f1acc1 82769
320ddf2dd4 82855
30d244b315 82889
4f6f681fa9 82913
1e9d2ea82a 82923
67667e47b4 82942
7cc63dfa46 82956
7d315810e8 83000
228d9e435e 83007
3ade903db9 83018
2df6148531 83026
706077819d 83029
91c406ef45 83047
711b11b48a 83069
36f378ceac 83080
131535d62c 83102
3167a76118 83113
3eafb9a6f5 83125
2830c740df 83130
454f69bf36 83153
5c31104478 83156
3848e04a7c 83160
509725fb7b 83212
73e09dfd9c 83268
363e10e553 83300
19e608932a 83319
22daf1fcb8 83328
707297048f 83343
5ef98a1763 83347
2f1a59a2a4 83355
1a8cd6f751 83379
2cbcc8408e 83389
4c4ac4d221 83440
abaa495940 83448
5f8e9a4eec 83450
5f6db7e875 83451
4e983141a4 83474
6e45a44ebc 83480
70a26b145e 83492
124bbaee69 83571
5e603caa51 83587
78ea26076d 83596
1bb266937e 83611
57703fb37e 83624
33b7239b00 83630
4a2f500713 83632
11240ce38e 83644
1a75ec784d 83645
38638a02b0 83665
302eaa9501 83672
678cc1ceed 83684
137ebf1f2a 83695
92a5520428 83735
126f158f96 83758
34d203c4ef 83794
2125600732 83795
424d23b904 83798
dedcd361fc 83848
a3f88b2579 83852
1f0599d0da 83855
7b3a65747a 83872
39cad22769 83874
5600462177 83884
2fbc9cb6f4 83905
23d5213adf 83906
5f1ef84f27 83920
1b69f90680 83947
2572d09bd0 83959
70cfb0d463 83977
1dc306d26e 84017
7d4a8980d3 84027
62bebcc117 84051
16dc2422a8 84104
727b403a37 84174
c035b96809 84178
50131a5fc7 84197
6564b50528 84207
3197005081 84211
55eb9fa843 84214
51213560ff 84288
202820eff4 84292
26ae17d117 84301
18c4dc82fb 84302
5af6d58c2f 84311
43b71fa6d3 84401
ef9aec82ed 84434
6012d8629c 84453
3e669d2136 84470
7f3ad8255e 84499
161da234ba 84522
4b8c6f3bdf 84571
f0e1206843 84577
1bd6c41ada 84581
376f3eeff9 84583
1426fbc47e 84608
3866aab88a 84612
19f45f00f1 84668
3ead1fb605 84672
58394b976a 84701
150b350b9f 84737
189015f27d 84768
5e0f77dc91 84808
5e91e9ffcc 84818
2e083d9bf7 84819
7b0af1c528 84828
7c579f9bdb 84848
70ec30ddd2 84873
18e6a3c02c 84876
168c0dec21 84887
4f05d24cd1 84897
5df038cd0c 84905
70538c93c5 84910
37be112e71 84922
28ada94ab1 84925
1a2e586a02 84931
66348dfa00 84955
4f64e88ea7 84985
1417cb2a03 84997
f1d68542c8 85014
5b978d497e 85054
3863bd1f13 85064
66122af187 85066
3b28eed0ae 85113
286d3ee2ec 85127
2c41ecbb91 85140
63181e8131 85142
7f66f0150f 85166
76d9a0936d 85168
4b3156d3e4 85189
5dceee2ced 85207
ba40cbce05 85218
220d32994c 85223
4d43d193c2 85274
7a939a158a 85309
5b09ff66d3 85316
66f8ce11ad 85436
4fc30d73e0 85446
5f563cbd66 85450
9a139e5cba 85460
648dab6db4 85461
4dd5f76a64 85463
54993d567a 85498
30b343cda5 85523
357393afe2 85550
647fdcc2d0 85559
682b3a7245 85571
1c44bb74e4 85573
67189f9d67 85630
58416e8289 85638
3e08d4dae8 85671
29c7e7a704 85675
28928eb2e3 85676
433cf1832d 85696
46df0997c0 85700
15431677d6 85726
77d93987aa 85730
7b59b25e6e 85746
5c99745940 85775
23765ee069 85793
482f491d58 85794
1859ed4e6d 85802
63492f2baf 85811
23aeeaa537 85816
5dc0de6415 85847
498189a300 85849
18d8d17a3b 85852
6a5db37efa 85874
287b8ef697 85888
4c7a955540 85958
1fc6fc40c0 85959
efe860401c 85967
754bef9ee1 85970
99e804c8da 85976
5ca188e379 85986
139cd60449 86015
59089d81a6 86034
7ea99444fe 86046
159c34b095 86054
528f922ee0 86060
72e79fd74d 86064
23be37c4d7 86068
11fafddb1e 86073
164e52d9a8 86100
7f9e82a46d 86121
22f4113da0 86129
61520822e5 86189
102fb83122 86192
602d50e115 86200
49bd5699d2 86347
7700458eac 86354
4d4f77f688 86366
7bdb7c7c29 86383
a7f3bc8cfa 86387
571de456a8 86395
311c52857f 86411
2b89eb9d91 86424
53b445c761 86431
1e9b49bc71 86492
569eb14555 86552
1a0e1ac449 86577
7e29f52545 86615
454408c57e 86620
5cc68bcb2c 86639
317336b04f 86672
622cb0314c 86685
3b740ac038 86688
636f45c48f 86705
362cce1de4 86718
3fd034408e 86725
3d44fc55db 86753
7c111604b2 86758
12933f6233 86782
9c75bcec95 86790
65a24b4fe9 86800
3fdda79545 86821
2c3971f34c 86825
2bec230243 86851
4acdf65bb9 86857
5e2e2c3f3b 86918
3b294fb3f9 86919
27eefd210e 86942
7d2d6c3231 86969
36c251f4cd 86982
64fc4c0ed0 87010
39cc9a87b9 87011
5402d25a14 87036
2694e25fcb 87040
3535ebbb71 87045
755bf60d8d 87062
297e0727b7 87138
726a1788ae 87170
7bf2036521 87172
6df7f2cc9d 87185
3fb3f0d885 87210
7249d7693e 87277
4666fc16a7 87281
658c1b7878 87289
f5904752cd 87307
1d3d114167 87322
3e9a4e963a 87325
1119ad9fcc 87330
156de8a9bd 87356
295a72dc19 87362
834ee97a56 87368
4e9f321fe2 87392
1cc88e2d56 87413
3354c341ca 87439
5c21aa0123 87473
124356d1d8 87481
166ccef2a7 87485
31b3a07dd9 87509
6a56ddbd21 87510
4a5b0de2cc 87519
a066f039ff 87536
37b7181cc3 87547
5c6dfaa323 87550
4c10805e80 87584
19ada93328 87607
61bf4510e1 87611
190e00de05 87630
47a2e88e82 87631
7b8c56df62 87639
6375325fae 87676
2e716f52a1 87685
6443c83c0f 87688
1987588cd6 87695
776e3633dd 87704
48416f994b 87732
1b0f3da7db 87747
4743c0762c 87761
26b07c2506 87774
6416b63e76 87782
60a24361bf 87786
28c2490e15 87790
6b09d036cb 87792
6b1d2aaef2 87825
60553e8933 87851
7a974cff4b 87863
647cc2ec7c 87865
6ce3f633e1 87883
5a765bc12b 87885
5f32580d74 87936
1288323384 87939
7283048d4d 87968
447d86ae01 87985
18753ec98f 87987
2d45b63e02 88002
60c1153031 88033
618120ab23 88084
4a7c047a63 88094
43a4285f3d 88138
3bb9df1745 88142
f640159c27 88176
28538b5514 88193
434f0e3299 88195
5253ea8104 88198
6be955b3a3 88202
19b6982e49 88237
4dff0b2b6f 88245
67f650a43c 88284
32a008a8c1 88285
5b6763a02e 88288
62a8650060 88329
74a748f7cc 88357
5677cbbb87 88378
6eb5849dce 88390
1213043816 88393
3f98ac87eb 88400
adadec024b 88401
1f7b8a8a69 88419
6a807a3ae0 88422
2c48367e4f 88437
6d2dcce1a0 88462
47528ecbd8 88483
3194f105e0 88499
7d24a5b4b1 88524
71e2214aa8 88564
799848a16f 88567
5762c12d77 88576
2c7a730cc5 88579
b77baf36cd 88606
225b47979c 88633
15f2106e68 88635
3c20a27c5c 88695
14e1344f6e 88712
5645ead1cd 88718
308de9b3e1 88721
bc7c3fbca2 88734
7adeb1ddd1 88761
fab46c4752 88766
1dd617e66d 88770
5de34dc6ce 88787
4b596e5fa9 88794
6dcebe9b28 88804
7c7b03409c 88806
2b314f450a 88807
da002ab1df 88814
5df841b573 88830
7e3f365c30 88859
18d09a2b11 88870
cc2e4c142f 88876
db9fe29ee5 88890
23b544e991 88904
4a84f0e10e 88918
69e359120b 88923
c9a389f964 88924
66eca50685 88937
251f4627f9 88989
38234bbc45 89004
59cb8e8872 89015
735a63a013 89045
e53dd580b9 89053
66a9dd87a1 89078
47aed006e3 89107
1827c0a711 89148
6ffaeb4ee6 89149
46c0283144 89158
7460285587 89160
5b2a9004c0 89199
aa62df14f4 89205
5f1427b3af 89254
3173c60161 89261
3d14762cef 89319
60a796c49d 89326
ec9e7cfd70 89327
2a25f32ce8 89331
40caff9528 89381
5cb5f70e39 89386
3d5c9afb54 89409
4d8a277fce 89428
1bac44e9c6 89451
77c71b148c 89479
eaf16353c3 89480
2f1b6bdc1d 89502
58ab64bc59 89513
744fe20d8c 89521
36c918376f 89525
4a40edd0de 89609
194b3ffd20 89612
3670878d9e 89623
cbb1686e30 89634
750f9ac703 89647
f787bec4ab 89648
3fb02f6578 89675
4ec6a478c2 89689
2df7253cae 89697
5a9bff63de 89700
7d1e83cea3 89709
6b48ae76a0 89717
610b26bf6f 89724
4f34793605 89726
3252b80f0c 89731
4962b24f46 89739
5640321572 89754
4d0538f449 89770
4a72115be5 89806
52cc16f7d8 89807
30b2dcdefd 89822
4fc66eba28 89866
11d15d717b 89888
4e116bd4a8 89912
7527f53782 89932
658a477a15 89947
5c10b0f885 89949
dd8b984b26 89954
2ef1e62a57 89956
17046a7bb4 89959
495a10e7ac 89963
4d5ed09f44 89987
642bf839b5 90010
7a7700efcf 90039
3cdd003c80 90067
5b13308c6d 90087
277888c113 90106
5fbf0d8836 90109
11b4df13e1 90158
ea573e14be 90184
1268f5cba9 90189
1857ba0f56 90211
51ff930e31 90224
75e7049c8a 90235
888411dfdb 90243
563635dddf 90245
30261b0db2 90253
35be3ed5d4 90256
21c24416ed 90310
191fb33f65 90315
3e5540ad28 90316
86d521437a 90318
6f17c8556d 90324
58eaa82ca1 90387
152738d6c0 90396
7f148f05cd 90443
6f4bde3a8c 90459
7d200b12f3 90469
23918dc4f1 90474
6a569ade11 90481
35d1ec1e93 90516
70d5f6acc1 90564
c2c63099d7 90609
296c613dfb 90639
37dd9d6626 90644
6875200a18 90649
3d3ef21780 90680
1d92354360 90705
ae320906e9 90707
4045beb09e 90716
50ad24a22d 90719
7411a06619 90727
be70e355d3 90758
414bd4620d 90773
7a17fc9caa 90791
33fc1634dc 90830
162f619257 90849
528ebc055f 90876
574da2b2e3 90886
3a9d7ab400 90912
1c3a69630b 90926
268abe18cf 90966
a6c5127ab8 90969
4d2d2bf9ed 90996
31d252c190 91004
3319febb25 91009
73ef557c7d 91046
5c626c9ae6 91125
ab2e4a603a 91133
549095d291 91135
74003058c5 91155
63eded6d04 91193
7a118baa36 91249
66857dd673 91255
5bb7ebe7f4 91271
90e5a94f69 91321
5b29cbaab6 91340
42338ccebe 91346
30e8706adc 91348
6eea481d51 91365
13b862fe87 91381
1ea513b1d7 91394
73889965d0 91396
7b336b77e1 91409
62ca49c42b 91429
6a713d4da6 91436
241d4e502a 91437
c475262bdf 91446
c09ea91fe6 91476
59c58d69cb 91495
74132fa785 91506
2776a4fc22 91514
45e486af50 91523
6294056a0e 91542
407d41521c 91566
32935d44bb 91574
6ae13310a2 91582
652df02e5b 91595
2a811747c7 91623
7e734a1a6d 91627
385b8c4593 91639
1f0ad1b29d 91660
796b7d20b3 91672
765c2c6561 91693
968d82f827 91741
4f0dee0d54 91743
2783c05789 91765
45d4789ed4 91777
3bbae6924f 91783
51af4c6e11 91797
3d741e587a 91812
547b0d8e1e 91843
4873f206c8 91848
18a36ec070 91855
1b9f1f3838 91861
38d0173c3e 91974
4c66c7c00a 92001
223ef04095 92008
44cc56c9c9 92039
72afcf809e 92077
2d932190cd 92081
47f159ebc8 92084
4444e59886 92097
2172685999 92109
35121e3e0d 92118
1cc2ad7695 92129
5b6966dda5 92132
28a7ed671f 92155
37c0b78ba9 92196
53230b340c 92197
2f375e7974 92211
6f3d8755f4 92229
45d1f7dc5c 92248
26f29b1924 92279
290b97735a 92326
7c550f9c1d 92379
6308164c3c 92389
1d0f494e48 92418
2e1c1b1519 92420
54d2e4fa94 92425
19ab4d3f46 92430
3afe8ed121 92431
4229da8702 92435
b9754c4db6 92485
1e372a554a 92566
218413bf21 92574
3cab6e1c11 92628
258c52d5bf 92637
27c1c0f72f 92639
5389fa6e6a 92657
62ae60308a 92665
66aa275870 92669
403f5d46ac 92741
5b52ee9ab3 92782
3a929d5c31 92813
544f80a26b 92821
32617c1c8e 92823
399eb18117 92842
64cf8e964f 92863
235fa1d046 92870
5cce198c0f 92875
5077f3c080 92890
41a3f331d7 92901
32fe10e1eb 92908
11713aeda7 92919
42d1455912 92972
7dc19fd5df 92973
680116128f 92996
c383af32cb 93025
5b83721a44 93037
783afd4a80 93060
5a44276d2b 93061
48407a147f 93091
3c94810b5d 93092
512f6c0427 93094
66eed53dc8 93110
129e72209d 93125
19fa0c6750 93126
4558c823bb 93136
581dd07766 93141
3b0150ee90 93187
28f301747a 93211
5e072cc5a5 93243
171cf44810 93278
2d943ad17b 93304
3f76d41b57 93324
5536250451 93373
673e7024f3 93401
2b0526d147 93403
20095b7d58 93436
256417e1c6 93450
3f77a93a20 93508
607ac688fd 93509
448963c36d 93575
12855006c5 93586
78fa9edc84 93614
4054a8651b 93621
192c8d0086 93634
757300e8e0 93643
5472367718 93646
29f95c7300 93652
38cf1df4f9 93673
54b2653d2d 93709
4475b822a2 93755
23c6457559 93764
49145c293d 93767
5b3a4fa343 93770
9b1a99a20a 93775
6c5f3f5a08 93787
5145f0421a 93788
b0dd08e2b4 93801
205fd22a2a 93804
50d5f9c4f6 93841
4d7b796c9b 93858
6cfd3ee4d8 93862
32e8f4e9cd 93870
32c144459c 93904
4bd1dc260b 93918
53de0b9ca9 93928
702d3272d9 93941
575ee13913 93950
180a7390cd 93958
607c801b96 94005
443845f691 94014
1c91dbf424 94016
6ae4e178bd 94036
4bef12bf0c 94039
32574bf04f 94041
56a40f2024 94058
7575b4b285 94068
27fa2227db 94099
746adac407 94116
8ea5f3fb7a 94137
7e7193b6c1 94162
726a5a728d 94177
2ba1fb9240 94187
5f2be2a6b3 94208
5c5e7d9246 94217
4c545f542e 94275
74539a2011 94349
5c3bc79bf3 94350
226e8c08ee 94360
5471ba26f3 94374
5eadfc7407 94394
71336a63f9 94399
671373f76a 94401
308e9b31e4 94405
3a74277d79 94409
255891ab2c 94411
3922b3051b 94416
32e8efd99c 94425
3f10011ac9 94427
c570fdbc82 94439
5f4b7fe27d 94444
92572fba26 94463
3b9109a01d 94554
91be3e4ff4 94579
720cee5d76 94596
22d1a56e7a 94636
72c51dfccc 94645
53f3e275ad 94665
3f9bc837fb 94701
21a4f14320 94703
1aae4d09bb 94721
3b11b18626 94747
4ef26d909e 94804
125f78ea48 94825
5056467c2b 94832
4e6ee20779 94843
3c5c76e99b 94867
4629c95f34 94868
6b260dff38 94872
551f8f18c8 94887
662b84eec1 94893
6b400dc5ff 94897
4e8e968f73 94923
ffe6d16a74 94930
72fa762e15 94935
56ed41712d 94937
142b99e2bc 94938
34ce0b7458 94940
5d23d9c349 94953
7e5731df9b 94984
76b0004432 94997
72a9616636 95024
6980d95836 95038
28ce6e14b7 95081
2750252d1d 95085
950d5b5815 95098
65bf4f8bec 95111
1030d52a85 95132
4f5f6d311d 95142
62aa03d98d 95143
1b56e5180f 95146
29bd716396 95154
7670e31523 95163
7de31d9fcf 95205
3b703a5948 95211
1877f09671 95239
4fdadb7d05 95272
5627c9ca4f 95285
14ed7cc5d0 95332
10d9630d03 95342
7a46a9a8f2 95354
995bcb4007 95356
3232e0df58 95359
4ba6a1a15e 95373
50afc044d5 95375
5552b94456 95378
7fecd425c6 95407
7de50e29c9 95431
165f6b3516 95432
b9f60efba0 95462
41cd262bd2 95478
3c8c52455f 95491
5e6e12bcf6 95521
283d8b66e7 95539
7579ba29cd 95544
650a529017 95549
da5e0d936d 95562
72067517e6 95589
75e8e99ded 95606
2d9929b591 95608
5b0dc779c7 95609
948819285b 95614
3eaea4bcde 95615
70a596d479 95617
18ef4c3e75 95631
22d361676d 95670
6677ece529 95763
3d3364db07 95767
7030e93752 95808
61f5199fdd 95839
25e7bee57c 95858
17d00430f6 95860
1952f00e01 95874
34cad9e318 95913
6d16328ce5 95924
7fd91a762e 95931
6ee05794a0 95960
5d9848016f 95969
5c9d58a865 95996
6f83cc3918 96002
27a3b74b29 96024
3c6a706047 96111
56bea7b5c4 96116
12f4c08682 96133
5a847cb855 96149
68c5e537a5 96209
1f631a97fc 96225
31b8a9f989 96235
2f2c961958 96250
683e460952 96264
6f1f0579bc 96334
293d2bc241 96357
15e703b9a7 96360
26129043c7 96364
4f32e239bd 96411
12bd517509 96414
69e8022a6e 96421
733238e63d 96427
6dccb38b26 96430
3bdfbbdc4b 96435
61d68b4c39 96464
1b58c9c080 96472
7ab0e1a508 96502
4a5c2ae08a 96553
7b4a735e8a 96561
5390d4f027 96586
17dd8f8743 96600
43af4050e2 96652
26fc17ed79 96654
2434e4b95b 96665
e1e963c003 96670
1008d88580 96673
383179c7bb 96685
1eccdad80a 96702
7ee31f8f53 96712
7b51f42087 96728
43f62d9d88 96737
3220d9ef55 96748
51ea657798 96750
d5ee872b28 96758
3fa9a3c89a 96798
5ec475c132 96828
86dad702e9 96841
6e2465cf40 96881
2f768e3666 96882
1ccec18c0e 96887
3dc390a58d 96963
361d21337c 96979
519e0b978f 96998
3c87d7a1fc 97007
3a79dbc90c 97025
56dfd2928d 97029
581a52bcee 97045
6f95dcb90a 97075
1595b6cc36 97082
57f2b0cc2f 97083
1f1a72e515 97098
45124860d8 97110
6da625c2db 97111
7412097fbf 97116
58498ac2cf 97121
12460440da 97122
460082faa5 97124
2749bc2f2c 97185
21e3d0db20 97237
4ac881e3a6 97274
34e5752de8 97294
3552ac844c 97305
1dc7eb31ee 97333
d3d22e03ea 97354
37b14f6577 97391
53bfc1f757 97422
138faf6049 97423
18fb5faa44 97440
35a4b20269 97443
251291d6e3 97454
5539d78947 97459
3583da8029 97462
42fa4c17cf 97466
13920306aa 97477
108937e4fe 97487
79ee743518 97503
38670cfde7 97528
183ad2f30d 97547
3fc6f2a855 97571
26fb88426b 97614
39d6ce26cb 97625
17efdc3400 97628
e53137c3db 97640
749e564097 97651
53d50787c5 97669
252b492ecb 97676
5d71f2c04a 97700
db932dda12 97752
267571c8fa 97755
31c4ab266d 97783
18038b76b8 97802
64041c74d9 97803
74c3244e5c 97804
312609b4d7 97817
52cc1efebe 97841
2c66a9b4ee 97847
6dec7d94e4 97853
70e81ad33d 97864
7419d6f65e 97877
610b25690b 97939
156a3db207 97947
fe68cb3920 97948
73a17fe7f5 97956
a0edf76e96 97981
6c31400a17 97987
6daf94e478 97989
424aae3b1d 97999
36b41d3e72 98004
732d4f9515 98043
2a6cbbb060 98047
7443839ab2 98064
48832235d9 98066
5308259c03 98089
17ae9650e2 98092
2f49da0902 98094
7f54ecb2cf 98107
6ed5c0c8b2 98130
32ac3f3d4f 98162
6ed175d7d9 98188
59b59ae07d 98193
33c3a33f9b 98233
2e99ffa692 98247
5dd1fde313 98264
adee8696be 98271
3e97da22a7 98277
62b6d0f171 98285
ea979653b0 98307
3cca54ba7b 98315
c5aa0f8707 98317
4bb78b7847 98318
28dbb64e7e 98333
24917657dc 98349
77b2f59ec1 98356
3582de6f2b 98365
70941a9dcb 98411
7e48a1048a 98429
2eab6e0395 98431
fb1b0a43d3 98482
4f493c0381 98490
32512b9810 98500
14f4747f78 98502
3ca20228c5 98518
2bc3bad2af 98566
40a3b24ffe 98588
74001feeac 98643
68017d5d5c 98652
3451f16471 98656
5675b6c5b6 98669
56f2fa2ce6 98681
52a271f61a 98704
736a87fb83 98781
355aac9014 98830
e36a8fa750 98891
508d6f4d6d 98965
6c4e269f06 98987
5426551969 98994
5758dc8595 99009
3be237494e 99045
1042f80f40 99049
355754dc7e 99051
1bc9a4c122 99052
61ceab2c21 99058
61dc946ffe 99074
7f4f172e72 99084
2e7a504643 99124
39487d19ba 99170
32f52e3f15 99175
23f0d897ba 99178
573195e410 99197
11364ff766 99222
635049a060 99230
281ac2e3a3 99287
58be4d2c77 99292
2735eec3b4 99304
acf14e9943 99308
4be39a3189 99343
6e12c3ebdb 99356
782d1b25b4 99392
6592b4f4fd 99400
6464f1b296 99422
67cd91c53f 99425
6fe30a92de 99438
5a1d11a43d 99443
531931ff5b 99456
4caa6b58b6 99461
660b4dd0dc 99465
3505b173e0 99469
49d82f635b 99482
75df631b13 99484
158712de53 99523
3d45aea7ca 99549
6911b094e7 99550
14dafb5550 99560
2793822838 99578
1a34db03da 99583
7bfca1ca00 99587
5ce05d7258 99590
16867fce76 99591
610bb6e7e6 99628
71897c644f 99646
17bd58cc86 99651
59c510589e 99652
517fffb79e 99668
645fcc1d52 99670
7cbc51c172 99675
4693c8af5b 99678
6f05f181bf 99679
34c2de25f3 99693
776b175fdb 99707
1abc8338f7 99748
4ac2fd02c0 99816
51cdb019ea 99829
36f19e4f99 99834
53525209fe 99845
2cb0dadb03 99851
5012129714 99902
1bbce7c378 99921
2d783187d1 99926
2c748827a0 99930
34abdde1c3 99946
67307a6f52 99963
21361ec888 99966
d3c941cd1d 100004
2d171fd6d5 100037
1f8a20dec0 100078
452ad39607 100109
d63b2c2ea8 100110
55007cc3ef 100116
7ef5204ac3 100127
2ce6cb03a9 100140
6a8f7bab0d 100164
7d35a8f1d9 100189
2e4d6444d5 100204
15e808189b 100220
71f0c4e495 100222
3643e824c2 100223
467f74fdd8 100232
114789d0db 100239
4b589717a4 100242
76a597f457 100267
7de86f112d 100306
616337b471 100325
2dcb1a722f 100328
19c28d1936 100331
3b9bf23630 100337
465c95ab1a 100396
7c5f10763f 100408
71a10478a8 100433
1ee1493e29 100440
1d81e9b435 100444
584ea8b973 100453
1fdf615069 100473
39fdc7a4c5 100486
752f1acee8 100501
5f006b1bf0 100527
6e5cc00f5c 100549
3e624d8c2d 100584
674991cd8e 100586
48a9b3c2b9 100613
1d69e042d1 100646
16554eee32 100661
224af61021 100674
fba273ea73 100679
2d374c5f41 100691
16597398b4 100712
76dd43c7ed 100714
659ea65bd5 100731
d86c8b7004 100754
5e94e29f92 100874
2af7ae1b74 100909
f32ec50809 100912
643a20343e 100943
59436915cf 100958
52ea546f7f 100963
6546be06dc 100986
69cf3474c5 101051
1d7feabb48 101082
40b4d5f6be 101109
3fa7e00f2a 101130
3e85132614 101164
484dd560e0 101177
5be31be3fb 101178
36b48ef345 101187
4699f3c00b 101197
1593df4e7b 101253
70cf94045a 101270
7e3850ecc5 101277
69dd6ad78d 101308
251f3658ea 101309
8312d5fc49 101314
37d40134f9 101320
1287bf8fc8 101330
473f9ec615 101350
1a5a8fbdde 101361
d9bdc379c8 101407
38a8d2cb67 101414
d1652cbc5a 101438
3c1660847b 101450
ee3c1b4557 101470
47a67250d9 101483
e3ac8feae6 101491
620e1bf489 101498
48db210cd8 101529
106755fd82 101540
799848a268 101561
7da21f0a0f 101586
46820b4e7c 101599
7ed0c712b9 101612
1d6d12319a 101615
6897fb80e6 101670
2ea0df39d3 101705
42c7458b36 101713
7938694fe9 101794
1c96505880 101823
5015c5ca2a 101828
5dcda95cbd 101863
10ef6ae205 101865
797dc9b578 101882
3f7bd31c6d 101895
71c0530a0d 101896
4ceeb24068 101933
6b18ce6119 101960
5c18b39f55 102001
3b0417a67e 102040
5cc8d9f5da 102059
230bac94d9 102072
2bf2b74cda 102090
70ea82f3c7 102107
27a9ab6621 102110
1e683eb72f 102123
53dd8de256 102191
284c4f8d20 102200
29a617f557 102208
1967a03166 102217
3bd2c043bc 102260
8fdbeaada5 102263
6028b0c30c 102269
2eac0a9805 102272
2d4e3bafdd 102298
75afa1385b 102333
19501fdc11 102374
262c6dcc52 102381
39aa0378b8 102460
4130d1c905 102483
225dbfbf42 102490
72a58418fc 102499
5c84907a02 102500
507a05cb9f 102508
291959fa5d 102529
1332da4274 102553
26ab6c25e3 102560
686d3cc3f6 102587
1691e54925 102599
2d5547a508 102633
68c398995f 102634
6eaf4bb190 102674
5d89a2dcff 102685
7c86ed9d38 102690
4a844a0484 102796
67d0b5b15f 102799
34a6341c94 102842
1a8f6798a1 102872
76f8c60698 102897
1fc307e4d3 102898
9e50b10c90 102899
75cb5a67e0 102902
571927679d 102905
6148fb5bf7 102923
15e77521ed 102932
3bb0eda651 102947
cd791039ab 102949
78cc103c69 102967
2d05cbfaf7 103041
791146ccb8 103068
6d7eff2532 103071
4134652073 103083
49e9c69a6d 103111
2c4aa06260 103112
5655e3a8b3 103119
363e0ac9a2 103127
4afc1eadcd 103132
43db7147d8 103143
395f1f4a57 103170
475ea27367 103181
e062c82bb0 103194
2972a6d361 103222
741c13be33 103245
4c8544bf39 103275
394051f74f 103303
26146ed764 103308
6ff9978a67 103312
5dfb545a89 103329
1b6f17260e 103345
338b55ee7b 103351
40950e4939 103354
71f50f33ee 103384
3e93455537 103387
6cdac2da19 103414
3454b2581f 103417
2c2ecaaaf9 103431
21cd43f008 103445
17a60b5f41 103458
58307214e1 103508
4eeee2711a 103533
